This file contains any messages produced by compilers while
running configure, to aid debugging if configure makes a mistake.

It was created by Ipopt configure 3.11.7, which was
generated by GNU Autoconf 2.59.  Invocation command line was

  $ ../configure coin_skip_warn_cxxflags=yes

## --------- ##
## Platform. ##
## --------- ##

hostname = tsf-492-wpa-0-170.epfl.ch
uname -m = x86_64
uname -r = 18.0.0
uname -s = Darwin
uname -v = Darwin Kernel Version 18.0.0: Wed Aug 22 20:13:40 PDT 2018; root:xnu-4903.201.2~1/RELEASE_X86_64

/usr/bin/uname -p = i386
/bin/uname -X     = unknown

/bin/arch              = unknown
/usr/bin/arch -k       = unknown
/usr/convex/getsysinfo = unknown
hostinfo               = Mach kernel version:
	 Darwin Kernel Version 18.0.0: Wed Aug 22 20:13:40 PDT 2018; root:xnu-4903.201.2~1/RELEASE_X86_64
Kernel configured for up to 8 processors.
4 processors are physically available.
8 processors are logically available.
Processor type: x86_64h (Intel x86-64h Haswell)
Processors active: 0 1 2 3 4 5 6 7
Primary memory available: 16.00 gigabytes
Default processor set: 528 tasks, 3674 threads, 8 processors
Load average: 5.86, Mach factor: 5.49
/bin/machine           = unknown
/usr/bin/oslevel       = unknown
/bin/universe          = unknown

PATH: /Users/tmpethick/ext/bin
PATH: /Users/tmpethick/.rvm/gems/ruby-2.4.0/bin
PATH: /Users/tmpethick/.rvm/gems/ruby-2.4.0@global/bin
PATH: /Users/tmpethick/.rvm/rubies/ruby-2.4.0/bin
PATH: /Users/tmpethick/Library/Haskell/bin
PATH: /Users/tmpethick/anaconda3/envs/lions/bin
PATH: /Users/tmpethick/.npm-packages/bin
PATH: /Users/tmpethick/.opam/system/bin
PATH: /Users/tmpethick/.local/bin
PATH: /usr/local/bin
PATH: /Users/tmpethick/.fastlane/bin
PATH: /Users/tmpethick/anaconda3/bin
PATH: /usr/local/bin
PATH: /usr/local/sbin
PATH: /usr/bin
PATH: /bin
PATH: /usr/sbin
PATH: /sbin
PATH: /Library/TeX/texbin
PATH: /usr/local/share/dotnet
PATH: /opt/X11/bin
PATH: /Library/Frameworks/Mono.framework/Versions/Current/Commands
PATH: /Applications/Xamarin Workbooks.app/Contents/SharedSupport/path-bin
PATH: /Users/tmpethick/.rvm/bin


## ----------- ##
## Core tests. ##
## ----------- ##

configure:1701: checking build system type
configure:1719: result: i386-apple-darwin18.0.0
configure:1730: checking whether we want to compile in debug mode
configure:1759: result: no
configure:1989: checking for xlc_r
configure:2018: result: no
configure:1989: checking for xlc
configure:2018: result: no
configure:1989: checking for cc
configure:2005: found /usr/bin/cc
configure:2015: result: cc
configure:2036: checking for C compiler version
configure:2039: cc --version </dev/null >&5
Apple LLVM version 10.0.0 (clang-1000.11.45.5)
Target: x86_64-apple-darwin18.0.0
Thread model: posix
InstalledDir: /Applications/Xcode.app/Contents/Developer/Toolchains/XcodeDefault.xctoolchain/usr/bin
configure:2042: $? = 0
configure:2044: cc -v </dev/null >&5
Apple LLVM version 10.0.0 (clang-1000.11.45.5)
Target: x86_64-apple-darwin18.0.0
Thread model: posix
InstalledDir: /Applications/Xcode.app/Contents/Developer/Toolchains/XcodeDefault.xctoolchain/usr/bin
Found CUDA installation: /usr/local/cuda, version 8.0
configure:2047: $? = 0
configure:2049: cc -V </dev/null >&5
clang: error: argument to '-V' is missing (expected 1 value)
clang: error: no input files
configure:2052: $? = 1
configure:2075: checking for C compiler default output file name
configure:2078: cc    conftest.c  >&5
configure:2081: $? = 0
configure:2127: result: a.out
configure:2132: checking whether the C compiler works
configure:2138: ./a.out
configure:2141: $? = 0
configure:2158: result: yes
configure:2165: checking whether we are cross compiling
configure:2167: result: no
configure:2170: checking for suffix of executables
configure:2172: cc -o conftest    conftest.c  >&5
configure:2175: $? = 0
configure:2200: result: 
configure:2206: checking for suffix of object files
configure:2227: cc -c   conftest.c >&5
configure:2230: $? = 0
configure:2252: result: o
configure:2256: checking whether we are using the GNU C compiler
configure:2280: cc -c   conftest.c >&5
configure:2286: $? = 0
configure:2290: test -z 
			 || test ! -s conftest.err
configure:2293: $? = 0
configure:2296: test -s conftest.o
configure:2299: $? = 0
configure:2312: result: yes
configure:2318: checking whether cc accepts -g
configure:2339: cc -c -g  conftest.c >&5
configure:2345: $? = 0
configure:2349: test -z 
			 || test ! -s conftest.err
configure:2352: $? = 0
configure:2355: test -s conftest.o
configure:2358: $? = 0
configure:2369: result: yes
configure:2386: checking for cc option to accept ANSI C
configure:2456: cc  -c -g -O2  conftest.c >&5
configure:2462: $? = 0
configure:2466: test -z 
			 || test ! -s conftest.err
configure:2469: $? = 0
configure:2472: test -s conftest.o
configure:2475: $? = 0
configure:2493: result: none needed
configure:2511: cc -c -g -O2  conftest.c >&5
conftest.c:2:3: error: unknown type name 'choke'
  choke me
  ^
conftest.c:2:11: error: expected ';' after top level declarator
  choke me
          ^
          ;
2 errors generated.
configure:2517: $? = 1
configure: failed program was:
| #ifndef __cplusplus
|   choke me
| #endif
configure:2945: cc -o conftest -O3 -pipe -DNDEBUG -Wimplicit -Wparentheses -Wsequence-point -Wreturn-type -Wcast-qual -Wall -Wno-unknown-pragmas -Wno-long-long     conftest.c  >&5
configure:2951: $? = 0
configure:2955: test -z 
			 || test ! -s conftest.err
configure:2958: $? = 0
configure:2961: test -s conftest
configure:2964: $? = 0
configure:3031: C compiler options are: -O3 -pipe -DNDEBUG -Wimplicit -Wparentheses -Wsequence-point -Wreturn-type -Wcast-qual -Wall -Wno-unknown-pragmas -Wno-long-long  
configure:3161: checking for g++
configure:3177: found /usr/bin/g++
configure:3187: result: g++
configure:3203: checking for C++ compiler version
configure:3206: g++ --version </dev/null >&5
Configured with: --prefix=/Applications/Xcode.app/Contents/Developer/usr --with-gxx-include-dir=/Applications/Xcode.app/Contents/Developer/Platforms/MacOSX.platform/Developer/SDKs/MacOSX10.14.sdk/usr/include/c++/4.2.1
Apple LLVM version 10.0.0 (clang-1000.11.45.5)
Target: x86_64-apple-darwin18.0.0
Thread model: posix
InstalledDir: /Applications/Xcode.app/Contents/Developer/Toolchains/XcodeDefault.xctoolchain/usr/bin
configure:3209: $? = 0
configure:3211: g++ -v </dev/null >&5
Configured with: --prefix=/Applications/Xcode.app/Contents/Developer/usr --with-gxx-include-dir=/Applications/Xcode.app/Contents/Developer/Platforms/MacOSX.platform/Developer/SDKs/MacOSX10.14.sdk/usr/include/c++/4.2.1
Apple LLVM version 10.0.0 (clang-1000.11.45.5)
Target: x86_64-apple-darwin18.0.0
Thread model: posix
InstalledDir: /Applications/Xcode.app/Contents/Developer/Toolchains/XcodeDefault.xctoolchain/usr/bin
Found CUDA installation: /usr/local/cuda, version 8.0
configure:3214: $? = 0
configure:3216: g++ -V </dev/null >&5
clang: error: argument to '-V' is missing (expected 1 value)
clang: error: no input files
configure:3219: $? = 1
configure:3222: checking whether we are using the GNU C++ compiler
configure:3246: g++ -c   conftest.cc >&5
configure:3252: $? = 0
configure:3256: test -z 
			 || test ! -s conftest.err
configure:3259: $? = 0
configure:3262: test -s conftest.o
configure:3265: $? = 0
configure:3278: result: yes
configure:3284: checking whether g++ accepts -g
configure:3305: g++ -c -g  conftest.cc >&5
configure:3311: $? = 0
configure:3315: test -z 
			 || test ! -s conftest.err
configure:3318: $? = 0
configure:3321: test -s conftest.o
configure:3324: $? = 0
configure:3335: result: yes
configure:3377: g++ -c -g -O2  conftest.cc >&5
configure:3383: $? = 0
configure:3387: test -z 
			 || test ! -s conftest.err
configure:3390: $? = 0
configure:3393: test -s conftest.o
configure:3396: $? = 0
configure:3422: g++ -c -g -O2  conftest.cc >&5
conftest.cc:13:1: error: use of undeclared identifier 'exit'
exit (42);
^
1 error generated.
configure:3428: $? = 1
configure: failed program was:
| /* confdefs.h.  */
| 
| #define PACKAGE_NAME "Ipopt"
| #define PACKAGE_TARNAME "ipopt"
| #define PACKAGE_VERSION "3.11.7"
| #define PACKAGE_STRING "Ipopt 3.11.7"
| #define PACKAGE_BUGREPORT "http://projects.coin-or.org/Ipopt/newticket"
| /* end confdefs.h.  */
| 
| int
| main ()
| {
| exit (42);
|   ;
|   return 0;
| }
configure:3377: g++ -c -g -O2  conftest.cc >&5
conftest.cc:9:17: error: use of undeclared identifier 'std'
extern "C" void std::exit (int) throw (); using std::exit;
                ^
conftest.cc:9:49: error: use of undeclared identifier 'std'
extern "C" void std::exit (int) throw (); using std::exit;
                                                ^
2 errors generated.
configure:3383: $? = 1
configure: failed program was:
| /* confdefs.h.  */
| 
| #define PACKAGE_NAME "Ipopt"
| #define PACKAGE_TARNAME "ipopt"
| #define PACKAGE_VERSION "3.11.7"
| #define PACKAGE_STRING "Ipopt 3.11.7"
| #define PACKAGE_BUGREPORT "http://projects.coin-or.org/Ipopt/newticket"
| /* end confdefs.h.  */
| extern "C" void std::exit (int) throw (); using std::exit;
| #include <stdlib.h>
| int
| main ()
| {
| exit (42);
|   ;
|   return 0;
| }
configure:3377: g++ -c -g -O2  conftest.cc >&5
conftest.cc:9:17: error: use of undeclared identifier 'std'
extern "C" void std::exit (int); using std::exit;
                ^
conftest.cc:9:40: error: use of undeclared identifier 'std'
extern "C" void std::exit (int); using std::exit;
                                       ^
2 errors generated.
configure:3383: $? = 1
configure: failed program was:
| /* confdefs.h.  */
| 
| #define PACKAGE_NAME "Ipopt"
| #define PACKAGE_TARNAME "ipopt"
| #define PACKAGE_VERSION "3.11.7"
| #define PACKAGE_STRING "Ipopt 3.11.7"
| #define PACKAGE_BUGREPORT "http://projects.coin-or.org/Ipopt/newticket"
| /* end confdefs.h.  */
| extern "C" void std::exit (int); using std::exit;
| #include <stdlib.h>
| int
| main ()
| {
| exit (42);
|   ;
|   return 0;
| }
configure:3377: g++ -c -g -O2  conftest.cc >&5
In file included from conftest.cc:10:
In file included from /Applications/Xcode.app/Contents/Developer/Toolchains/XcodeDefault.xctoolchain/usr/include/c++/v1/stdlib.h:94:
/Applications/Xcode.app/Contents/Developer/Platforms/MacOSX.platform/Developer/SDKs/MacOSX10.14.sdk/usr/include/stdlib.h:145:7: error: 'exit' is missing exception specification 'throw()'
void     exit(int) __dead2;
         ^
conftest.cc:9:17: note: previous declaration is here
extern "C" void exit (int) throw ();
                ^
1 error generated.
configure:3383: $? = 1
configure: failed program was:
| /* confdefs.h.  */
| 
| #define PACKAGE_NAME "Ipopt"
| #define PACKAGE_TARNAME "ipopt"
| #define PACKAGE_VERSION "3.11.7"
| #define PACKAGE_STRING "Ipopt 3.11.7"
| #define PACKAGE_BUGREPORT "http://projects.coin-or.org/Ipopt/newticket"
| /* end confdefs.h.  */
| extern "C" void exit (int) throw ();
| #include <stdlib.h>
| int
| main ()
| {
| exit (42);
|   ;
|   return 0;
| }
configure:3377: g++ -c -g -O2  conftest.cc >&5
configure:3383: $? = 0
configure:3387: test -z 
			 || test ! -s conftest.err
configure:3390: $? = 0
configure:3393: test -s conftest.o
configure:3396: $? = 0
configure:3422: g++ -c -g -O2  conftest.cc >&5
configure:3428: $? = 0
configure:3432: test -z 
			 || test ! -s conftest.err
configure:3435: $? = 0
configure:3438: test -s conftest.o
configure:3441: $? = 0
configure:3473: checking whether C++ compiler g++ works
configure:3491: g++ -c -g -O2  conftest.cc >&5
configure:3497: $? = 0
configure:3501: test -z 
			 || test ! -s conftest.err
configure:3504: $? = 0
configure:3507: test -s conftest.o
configure:3510: $? = 0
configure:3512: result: yes
configure:3840: g++ -o conftest -O3 -pipe -DNDEBUG      conftest.cc  >&5
configure:3846: $? = 0
configure:3850: test -z 
			 || test ! -s conftest.err
configure:3853: $? = 0
configure:3856: test -s conftest
configure:3859: $? = 0
configure:3926: C++ compiler options are: -O3 -pipe -DNDEBUG   
configure:4011: Trying to determine Fortran compiler name
configure:4060: checking for xlf_r
configure:4089: result: no
configure:4060: checking for fort77
configure:4089: result: no
configure:4060: checking for gfortran
configure:4076: found /usr/local/bin/gfortran
configure:4086: result: gfortran
configure:4194: checking for Fortran 77 compiler version
configure:4197: gfortran --version </dev/null >&5
GNU Fortran (Homebrew GCC 7.2.0_1) 7.2.0
Copyright (C) 2017 Free Software Foundation, Inc.
This is free software; see the source for copying conditions.  There is NO
warranty; not even for MERCHANTABILITY or FITNESS FOR A PARTICULAR PURPOSE.

configure:4200: $? = 0
configure:4202: gfortran -v </dev/null >&5
Using built-in specs.
COLLECT_GCC=gfortran
COLLECT_LTO_WRAPPER=/usr/local/Cellar/gcc/7.2.0_1/libexec/gcc/x86_64-apple-darwin16.7.0/7.2.0/lto-wrapper
Target: x86_64-apple-darwin16.7.0
Configured with: ../configure --build=x86_64-apple-darwin16.7.0 --prefix=/usr/local/Cellar/gcc/7.2.0_1 --libdir=/usr/local/Cellar/gcc/7.2.0_1/lib/gcc/7 --enable-languages=c,c++,objc,obj-c++,fortran --program-suffix=-7 --with-gmp=/usr/local/opt/gmp --with-mpfr=/usr/local/opt/mpfr --with-mpc=/usr/local/opt/libmpc --with-isl=/usr/local/opt/isl --with-system-zlib --enable-checking=release --with-pkgversion='Homebrew GCC 7.2.0_1' --with-bugurl=https://github.com/Homebrew/homebrew-core/issues --disable-nls
Thread model: posix
gcc version 7.2.0 (Homebrew GCC 7.2.0_1) 
configure:4205: $? = 0
configure:4207: gfortran -V </dev/null >&5
gfortran: error: unrecognized command line option '-V'
gfortran: fatal error: no input files
compilation terminated.
configure:4210: $? = 1
configure:4218: checking whether we are using the GNU Fortran 77 compiler
configure:4232: gfortran -c  conftest.F >&5
configure:4238: $? = 0
configure:4242: test -z 
			 || test ! -s conftest.err
configure:4245: $? = 0
configure:4248: test -s conftest.o
configure:4251: $? = 0
configure:4264: result: yes
configure:4270: checking whether gfortran accepts -g
configure:4282: gfortran -c -g conftest.f >&5
configure:4288: $? = 0
configure:4292: test -z 
			 || test ! -s conftest.err
configure:4295: $? = 0
configure:4298: test -s conftest.o
configure:4301: $? = 0
configure:4313: result: yes
configure:4548: gfortran -o conftest -O3 -pipe    conftest.f  >&5
configure:4554: $? = 0
configure:4558: test -z 
			 || test ! -s conftest.err
configure:4561: $? = 0
configure:4564: test -s conftest
configure:4567: $? = 0
configure:4625: Fortran compiler options are: -O3 -pipe  
configure:4758: checking for egrep
configure:4768: result: grep -E
configure:4773: checking whether ln -s works
configure:4777: result: yes
configure:4798: checking for a BSD-compatible install
configure:4853: result: /usr/local/bin/ginstall -c
configure:4864: checking whether build environment is sane
configure:4907: result: yes
configure:4972: checking for gawk
configure:5001: result: no
configure:4972: checking for mawk
configure:5001: result: no
configure:4972: checking for nawk
configure:5001: result: no
configure:4972: checking for awk
configure:4988: found /usr/bin/awk
configure:4998: result: awk
configure:5008: checking whether make sets $(MAKE)
configure:5028: result: yes
configure:5058: checking for style of include used by make
configure:5086: result: GNU
configure:5267: checking dependency style of cc
configure:5357: result: gcc3
configure:5376: checking dependency style of g++
configure:5466: result: gcc3
configure:5484: checking whether to enable maintainer-specific portions of Makefiles
configure:5493: result: no
configure:5943: checking host system type
configure:5957: result: i386-apple-darwin18.0.0
configure:5965: checking for a sed that does not truncate output
configure:6019: result: /usr/bin/sed
configure:6033: checking for ld used by cc
configure:6100: result: /Applications/Xcode.app/Contents/Developer/Toolchains/XcodeDefault.xctoolchain/usr/bin/ld
configure:6109: checking if the linker (/Applications/Xcode.app/Contents/Developer/Toolchains/XcodeDefault.xctoolchain/usr/bin/ld) is GNU ld
configure:6124: result: no
configure:6129: checking for /Applications/Xcode.app/Contents/Developer/Toolchains/XcodeDefault.xctoolchain/usr/bin/ld option to reload object files
configure:6136: result: -r
configure:6154: checking for BSD-compatible nm
configure:6203: result: /usr/bin/nm -B
configure:6207: checking how to recognise dependent libraries
configure:6383: result: pass_all
configure:6619: checking how to run the C preprocessor
configure:6654: cc -E  conftest.c
configure:6660: $? = 0
configure:6692: cc -E  conftest.c
conftest.c:14:10: fatal error: 'ac_nonexistent.h' file not found
#include <ac_nonexistent.h>
         ^~~~~~~~~~~~~~~~~~
1 error generated.
configure:6698: $? = 1
configure: failed program was:
| /* confdefs.h.  */
| 
| #define PACKAGE_NAME "Ipopt"
| #define PACKAGE_TARNAME "ipopt"
| #define PACKAGE_VERSION "3.11.7"
| #define PACKAGE_STRING "Ipopt 3.11.7"
| #define PACKAGE_BUGREPORT "http://projects.coin-or.org/Ipopt/newticket"
| #ifdef __cplusplus
| extern "C" void exit (int);
| #endif
| #define PACKAGE "ipopt"
| #define VERSION "3.11.7"
| /* end confdefs.h.  */
| #include <ac_nonexistent.h>
configure:6737: result: cc -E
configure:6761: cc -E  conftest.c
configure:6767: $? = 0
configure:6799: cc -E  conftest.c
conftest.c:14:10: fatal error: 'ac_nonexistent.h' file not found
#include <ac_nonexistent.h>
         ^~~~~~~~~~~~~~~~~~
1 error generated.
configure:6805: $? = 1
configure: failed program was:
| /* confdefs.h.  */
| 
| #define PACKAGE_NAME "Ipopt"
| #define PACKAGE_TARNAME "ipopt"
| #define PACKAGE_VERSION "3.11.7"
| #define PACKAGE_STRING "Ipopt 3.11.7"
| #define PACKAGE_BUGREPORT "http://projects.coin-or.org/Ipopt/newticket"
| #ifdef __cplusplus
| extern "C" void exit (int);
| #endif
| #define PACKAGE "ipopt"
| #define VERSION "3.11.7"
| /* end confdefs.h.  */
| #include <ac_nonexistent.h>
configure:6849: checking for ANSI C header files
configure:6874: cc -c -O3 -pipe -DNDEBUG -Wimplicit -Wparentheses -Wsequence-point -Wreturn-type -Wcast-qual -Wall -Wno-unknown-pragmas -Wno-long-long    conftest.c >&5
configure:6880: $? = 0
configure:6884: test -z 
			 || test ! -s conftest.err
configure:6887: $? = 0
configure:6890: test -s conftest.o
configure:6893: $? = 0
configure:6982: cc -o conftest -O3 -pipe -DNDEBUG -Wimplicit -Wparentheses -Wsequence-point -Wreturn-type -Wcast-qual -Wall -Wno-unknown-pragmas -Wno-long-long     conftest.c  >&5
conftest.c:31:7: warning: implicitly declaring library function 'exit' with type 'void (int) __attribute__((noreturn))' [-Wimplicit-function-declaration]
      exit(2);
      ^
conftest.c:31:7: note: include the header <stdlib.h> or explicitly provide a declaration for 'exit'
1 warning generated.
configure:6985: $? = 0
configure:6987: ./conftest
configure:6990: $? = 0
configure:7005: result: yes
configure:7029: checking for sys/types.h
configure:7045: cc -c -O3 -pipe -DNDEBUG -Wimplicit -Wparentheses -Wsequence-point -Wreturn-type -Wcast-qual -Wall -Wno-unknown-pragmas -Wno-long-long    conftest.c >&5
configure:7051: $? = 0
configure:7055: test -z 
			 || test ! -s conftest.err
configure:7058: $? = 0
configure:7061: test -s conftest.o
configure:7064: $? = 0
configure:7075: result: yes
configure:7029: checking for sys/stat.h
configure:7045: cc -c -O3 -pipe -DNDEBUG -Wimplicit -Wparentheses -Wsequence-point -Wreturn-type -Wcast-qual -Wall -Wno-unknown-pragmas -Wno-long-long    conftest.c >&5
configure:7051: $? = 0
configure:7055: test -z 
			 || test ! -s conftest.err
configure:7058: $? = 0
configure:7061: test -s conftest.o
configure:7064: $? = 0
configure:7075: result: yes
configure:7029: checking for stdlib.h
configure:7045: cc -c -O3 -pipe -DNDEBUG -Wimplicit -Wparentheses -Wsequence-point -Wreturn-type -Wcast-qual -Wall -Wno-unknown-pragmas -Wno-long-long    conftest.c >&5
configure:7051: $? = 0
configure:7055: test -z 
			 || test ! -s conftest.err
configure:7058: $? = 0
configure:7061: test -s conftest.o
configure:7064: $? = 0
configure:7075: result: yes
configure:7029: checking for string.h
configure:7045: cc -c -O3 -pipe -DNDEBUG -Wimplicit -Wparentheses -Wsequence-point -Wreturn-type -Wcast-qual -Wall -Wno-unknown-pragmas -Wno-long-long    conftest.c >&5
configure:7051: $? = 0
configure:7055: test -z 
			 || test ! -s conftest.err
configure:7058: $? = 0
configure:7061: test -s conftest.o
configure:7064: $? = 0
configure:7075: result: yes
configure:7029: checking for memory.h
configure:7045: cc -c -O3 -pipe -DNDEBUG -Wimplicit -Wparentheses -Wsequence-point -Wreturn-type -Wcast-qual -Wall -Wno-unknown-pragmas -Wno-long-long    conftest.c >&5
configure:7051: $? = 0
configure:7055: test -z 
			 || test ! -s conftest.err
configure:7058: $? = 0
configure:7061: test -s conftest.o
configure:7064: $? = 0
configure:7075: result: yes
configure:7029: checking for strings.h
configure:7045: cc -c -O3 -pipe -DNDEBUG -Wimplicit -Wparentheses -Wsequence-point -Wreturn-type -Wcast-qual -Wall -Wno-unknown-pragmas -Wno-long-long    conftest.c >&5
configure:7051: $? = 0
configure:7055: test -z 
			 || test ! -s conftest.err
configure:7058: $? = 0
configure:7061: test -s conftest.o
configure:7064: $? = 0
configure:7075: result: yes
configure:7029: checking for inttypes.h
configure:7045: cc -c -O3 -pipe -DNDEBUG -Wimplicit -Wparentheses -Wsequence-point -Wreturn-type -Wcast-qual -Wall -Wno-unknown-pragmas -Wno-long-long    conftest.c >&5
configure:7051: $? = 0
configure:7055: test -z 
			 || test ! -s conftest.err
configure:7058: $? = 0
configure:7061: test -s conftest.o
configure:7064: $? = 0
configure:7075: result: yes
configure:7029: checking for stdint.h
configure:7045: cc -c -O3 -pipe -DNDEBUG -Wimplicit -Wparentheses -Wsequence-point -Wreturn-type -Wcast-qual -Wall -Wno-unknown-pragmas -Wno-long-long    conftest.c >&5
configure:7051: $? = 0
configure:7055: test -z 
			 || test ! -s conftest.err
configure:7058: $? = 0
configure:7061: test -s conftest.o
configure:7064: $? = 0
configure:7075: result: yes
configure:7029: checking for unistd.h
configure:7045: cc -c -O3 -pipe -DNDEBUG -Wimplicit -Wparentheses -Wsequence-point -Wreturn-type -Wcast-qual -Wall -Wno-unknown-pragmas -Wno-long-long    conftest.c >&5
configure:7051: $? = 0
configure:7055: test -z 
			 || test ! -s conftest.err
configure:7058: $? = 0
configure:7061: test -s conftest.o
configure:7064: $? = 0
configure:7075: result: yes
configure:7101: checking dlfcn.h usability
configure:7113: cc -c -O3 -pipe -DNDEBUG -Wimplicit -Wparentheses -Wsequence-point -Wreturn-type -Wcast-qual -Wall -Wno-unknown-pragmas -Wno-long-long    conftest.c >&5
configure:7119: $? = 0
configure:7123: test -z 
			 || test ! -s conftest.err
configure:7126: $? = 0
configure:7129: test -s conftest.o
configure:7132: $? = 0
configure:7142: result: yes
configure:7146: checking dlfcn.h presence
configure:7156: cc -E  conftest.c
configure:7162: $? = 0
configure:7182: result: yes
configure:7217: checking for dlfcn.h
configure:7224: result: yes
configure:7247: checking how to run the C++ preprocessor
configure:7278: g++ -E  conftest.cc
configure:7284: $? = 0
configure:7316: g++ -E  conftest.cc
conftest.cc:25:10: fatal error: 'ac_nonexistent.h' file not found
#include <ac_nonexistent.h>
         ^~~~~~~~~~~~~~~~~~
1 error generated.
configure:7322: $? = 1
configure: failed program was:
| /* confdefs.h.  */
| 
| #define PACKAGE_NAME "Ipopt"
| #define PACKAGE_TARNAME "ipopt"
| #define PACKAGE_VERSION "3.11.7"
| #define PACKAGE_STRING "Ipopt 3.11.7"
| #define PACKAGE_BUGREPORT "http://projects.coin-or.org/Ipopt/newticket"
| #ifdef __cplusplus
| extern "C" void exit (int);
| #endif
| #define PACKAGE "ipopt"
| #define VERSION "3.11.7"
| #define STDC_HEADERS 1
| #define HAVE_SYS_TYPES_H 1
| #define HAVE_SYS_STAT_H 1
| #define HAVE_STDLIB_H 1
| #define HAVE_STRING_H 1
| #define HAVE_MEMORY_H 1
| #define HAVE_STRINGS_H 1
| #define HAVE_INTTYPES_H 1
| #define HAVE_STDINT_H 1
| #define HAVE_UNISTD_H 1
| #define HAVE_DLFCN_H 1
| /* end confdefs.h.  */
| #include <ac_nonexistent.h>
configure:7361: result: g++ -E
configure:7385: g++ -E  conftest.cc
configure:7391: $? = 0
configure:7423: g++ -E  conftest.cc
conftest.cc:25:10: fatal error: 'ac_nonexistent.h' file not found
#include <ac_nonexistent.h>
         ^~~~~~~~~~~~~~~~~~
1 error generated.
configure:7429: $? = 1
configure: failed program was:
| /* confdefs.h.  */
| 
| #define PACKAGE_NAME "Ipopt"
| #define PACKAGE_TARNAME "ipopt"
| #define PACKAGE_VERSION "3.11.7"
| #define PACKAGE_STRING "Ipopt 3.11.7"
| #define PACKAGE_BUGREPORT "http://projects.coin-or.org/Ipopt/newticket"
| #ifdef __cplusplus
| extern "C" void exit (int);
| #endif
| #define PACKAGE "ipopt"
| #define VERSION "3.11.7"
| #define STDC_HEADERS 1
| #define HAVE_SYS_TYPES_H 1
| #define HAVE_SYS_STAT_H 1
| #define HAVE_STDLIB_H 1
| #define HAVE_STRING_H 1
| #define HAVE_MEMORY_H 1
| #define HAVE_STRINGS_H 1
| #define HAVE_INTTYPES_H 1
| #define HAVE_STDINT_H 1
| #define HAVE_UNISTD_H 1
| #define HAVE_DLFCN_H 1
| /* end confdefs.h.  */
| #include <ac_nonexistent.h>
configure:7478: checking the maximum length of command line arguments
configure:7587: result: 196608
configure:7598: checking command to parse /usr/bin/nm -B output from cc object
configure:7703: g++ -c -O3 -pipe -DNDEBUG     conftest.cc >&5
configure:7706: $? = 0
configure:7710: /usr/bin/nm -B conftest.o \| sed -n -e 's/^.*[ 	]\([BCDEGRST][BCDEGRST]*\)[ 	][ 	]*\([_A-Za-z][_A-Za-z0-9]*\)$/\1 \2 \2/p' \> conftest.nm
configure:7713: $? = 0
cannot find nm_test_var in conftest.nm
configure:7703: g++ -c -O3 -pipe -DNDEBUG     conftest.cc >&5
configure:7706: $? = 0
configure:7710: /usr/bin/nm -B conftest.o \| sed -n -e 's/^.*[ 	]\([BCDEGRST][BCDEGRST]*\)[ 	][ 	]*_\([_A-Za-z][_A-Za-z0-9]*\)$/\1 _\2 \2/p' \> conftest.nm
configure:7713: $? = 0
configure:7765: g++ -o conftest -O3 -pipe -DNDEBUG      conftest.cc conftstm.o >&5
configure:7768: $? = 0
configure:7806: result: ok
configure:7810: checking for objdir
configure:7825: result: .libs
configure:7915: checking for ar
configure:7931: found /usr/bin/ar
configure:7942: result: ar
configure:7995: checking for ranlib
configure:8011: found /usr/bin/ranlib
configure:8022: result: ranlib
configure:8075: checking for strip
configure:8091: found /usr/bin/strip
configure:8102: result: strip
configure:8378: checking if cc supports -fno-rtti -fno-exceptions
configure:8396: cc -c -O3 -pipe -DNDEBUG -Wimplicit -Wparentheses -Wsequence-point -Wreturn-type -Wcast-qual -Wall -Wno-unknown-pragmas -Wno-long-long    -fno-rtti -fno-exceptions conftest.c >&5
configure:8400: $? = 0
configure:8413: result: yes
configure:8428: checking for cc option to produce PIC
configure:8638: result: -fno-common
configure:8646: checking if cc PIC flag -fno-common works
configure:8664: cc -c -O3 -pipe -DNDEBUG -Wimplicit -Wparentheses -Wsequence-point -Wreturn-type -Wcast-qual -Wall -Wno-unknown-pragmas -Wno-long-long    -fno-common -DPIC conftest.c >&5
configure:8668: $? = 0
configure:8681: result: yes
configure:8709: checking if cc static flag -static works
configure:8737: result: no
configure:8747: checking if cc supports -c -o file.o
configure:8768: cc -c -O3 -pipe -DNDEBUG -Wimplicit -Wparentheses -Wsequence-point -Wreturn-type -Wcast-qual -Wall -Wno-unknown-pragmas -Wno-long-long    -o out/conftest2.o conftest.c >&5
configure:8772: $? = 0
configure:8794: result: yes
configure:8820: checking whether the cc linker (/Applications/Xcode.app/Contents/Developer/Toolchains/XcodeDefault.xctoolchain/usr/bin/ld) supports shared libraries
configure:9778: result: yes
configure:9845: checking dynamic linker characteristics
configure:10433: result: darwin18.0.0 dyld
configure:10442: checking how to hardcode library paths into programs
configure:10467: result: immediate
configure:10481: checking whether stripping libraries is possible
configure:10494: result: yes
configure:11320: checking if libtool supports shared libraries
configure:11322: result: yes
configure:11325: checking whether to build shared libraries
configure:11346: result: yes
configure:11349: checking whether to build static libraries
configure:11353: result: no
configure:11445: creating libtool
configure:12033: checking for ld used by g++
configure:12100: result: /Applications/Xcode.app/Contents/Developer/Toolchains/XcodeDefault.xctoolchain/usr/bin/ld
configure:12109: checking if the linker (/Applications/Xcode.app/Contents/Developer/Toolchains/XcodeDefault.xctoolchain/usr/bin/ld) is GNU ld
configure:12124: result: no
configure:12175: checking whether the g++ linker (/Applications/Xcode.app/Contents/Developer/Toolchains/XcodeDefault.xctoolchain/usr/bin/ld) supports shared libraries
configure:13113: result: yes
configure:13135: g++ -c -O3 -pipe -DNDEBUG     conftest.cpp >&5
configure:13138: $? = 0
configure:13257: checking for g++ option to produce PIC
configure:13531: result: -fno-common
configure:13539: checking if g++ PIC flag -fno-common works
configure:13557: g++ -c -O3 -pipe -DNDEBUG     -fno-common -DPIC conftest.cpp >&5
configure:13561: $? = 0
configure:13574: result: yes
configure:13602: checking if g++ static flag -static works
configure:13630: result: no
configure:13640: checking if g++ supports -c -o file.o
configure:13661: g++ -c -O3 -pipe -DNDEBUG     -o out/conftest2.o conftest.cpp >&5
configure:13665: $? = 0
configure:13687: result: yes
configure:13713: checking whether the g++ linker (/Applications/Xcode.app/Contents/Developer/Toolchains/XcodeDefault.xctoolchain/usr/bin/ld) supports shared libraries
configure:13738: result: yes
configure:13805: checking dynamic linker characteristics
configure:14393: result: darwin18.0.0 dyld
configure:14402: checking how to hardcode library paths into programs
configure:14427: result: immediate
configure:14953: checking if libtool supports shared libraries
configure:14955: result: yes
configure:14958: checking whether to build shared libraries
configure:14978: result: yes
configure:14981: checking whether to build static libraries
configure:14985: result: no
configure:14995: checking for gfortran option to produce PIC
configure:15205: result: -fno-common
configure:15213: checking if gfortran PIC flag -fno-common works
configure:15231: gfortran -c -O3 -pipe   -fno-common conftest.f >&5
configure:15235: $? = 0
configure:15248: result: yes
configure:15276: checking if gfortran static flag -static works
configure:15304: result: no
configure:15314: checking if gfortran supports -c -o file.o
configure:15335: gfortran -c -O3 -pipe   -o out/conftest2.o conftest.f >&5
configure:15339: $? = 0
configure:15361: result: yes
configure:15387: checking whether the gfortran linker (/Applications/Xcode.app/Contents/Developer/Toolchains/XcodeDefault.xctoolchain/usr/bin/ld) supports shared libraries
configure:16325: result: yes
configure:16392: checking dynamic linker characteristics
configure:16980: result: darwin18.0.0 dyld
configure:16989: checking how to hardcode library paths into programs
configure:17014: result: immediate
configure:20600: Build is "i386-apple-darwin18.0.0".
configure:20693: Applying patches to libtool for Darwin
configure:20830: checking if library version is set
configure:20837: result: no
configure:20853: checking whether source of project ASL is available and should be compiled
configure:20962: result: yes, source in ThirdParty/ASL
configure:20977: checking whether source of project Blas is available and should be compiled
configure:21102: result: yes, source in ThirdParty/Blas
configure:21117: checking whether source of project Lapack is available and should be compiled
configure:21242: result: yes, source in ThirdParty/Lapack
configure:21257: checking whether source of project Metis is available and should be compiled
configure:21366: result: yes, source in ThirdParty/Metis
configure:21381: checking whether source of project HSL is available and should be compiled
configure:21490: result: yes, source in ThirdParty/HSL
configure:21505: checking whether source of project HSLold is available and should be compiled
configure:21614: result: yes, source in ThirdParty/HSLold
configure:21629: checking whether source of project Mumps is available and should be compiled
configure:21738: result: no, source file ../ThirdParty/Mumps/MUMPS/src/dmumps_part1.F not available
configure:21758: checking whether source of project Ipopt is available and should be compiled
configure:21855: result: yes, source in Ipopt
configure:21876: configuring doxygen documentation options
configure:21883: checking for doxygen
configure:21910: result: no
configure:21938: checking for dot
configure:21954: found /usr/local/bin/dot
configure:21965: result: YES
configure:22055: checking which command should be used to link input files
configure:22063: result: ln -s
configure:22295: creating ./config.status

## ---------------------- ##
## Running config.status. ##
## ---------------------- ##

This file was extended by Ipopt config.status 3.11.7, which was
generated by GNU Autoconf 2.59.  Invocation command line was

  CONFIG_FILES    = 
  CONFIG_HEADERS  = 
  CONFIG_LINKS    = 
  CONFIG_COMMANDS = 
  $ ./config.status 

on tsf-492-wpa-0-170.epfl.ch

config.status:758: creating Makefile
config.status:758: creating doxydoc/doxygen.conf
config.status:934: executing depfiles commands
configure:23451: configuring in ThirdParty/ASL
configure:23568: running /bin/sh '../../../ThirdParty/ASL/configure' --prefix=/Users/tmpethick/GoogleDrive/dtu/10-EPFL/thesis/thesis-code/IPOPT/Ipopt-3.11.7/build_rice  'coin_skip_warn_cxxflags=yes' --cache-file=/dev/null --srcdir=../../../ThirdParty/ASL
configure:23451: configuring in ThirdParty/Blas
configure:23568: running /bin/sh '../../../ThirdParty/Blas/configure' --prefix=/Users/tmpethick/GoogleDrive/dtu/10-EPFL/thesis/thesis-code/IPOPT/Ipopt-3.11.7/build_rice  'coin_skip_warn_cxxflags=yes' --cache-file=/dev/null --srcdir=../../../ThirdParty/Blas
configure:23451: configuring in ThirdParty/Lapack
configure:23568: running /bin/sh '../../../ThirdParty/Lapack/configure' --prefix=/Users/tmpethick/GoogleDrive/dtu/10-EPFL/thesis/thesis-code/IPOPT/Ipopt-3.11.7/build_rice  'coin_skip_warn_cxxflags=yes' --cache-file=/dev/null --srcdir=../../../ThirdParty/Lapack
configure:23451: configuring in ThirdParty/Metis
configure:23568: running /bin/sh '../../../ThirdParty/Metis/configure' --prefix=/Users/tmpethick/GoogleDrive/dtu/10-EPFL/thesis/thesis-code/IPOPT/Ipopt-3.11.7/build_rice  'coin_skip_warn_cxxflags=yes' --cache-file=/dev/null --srcdir=../../../ThirdParty/Metis
configure:23451: configuring in ThirdParty/HSL
configure:23568: running /bin/sh '../../../ThirdParty/HSL/configure' --prefix=/Users/tmpethick/GoogleDrive/dtu/10-EPFL/thesis/thesis-code/IPOPT/Ipopt-3.11.7/build_rice  'coin_skip_warn_cxxflags=yes' --cache-file=/dev/null --srcdir=../../../ThirdParty/HSL
configure:23451: configuring in ThirdParty/HSLold
configure:23568: running /bin/sh '../../../ThirdParty/HSLold/configure' --prefix=/Users/tmpethick/GoogleDrive/dtu/10-EPFL/thesis/thesis-code/IPOPT/Ipopt-3.11.7/build_rice  'coin_skip_warn_cxxflags=yes' --cache-file=/dev/null --srcdir=../../../ThirdParty/HSLold
configure:23451: configuring in Ipopt
configure:23568: running /bin/sh '../../Ipopt/configure' --prefix=/Users/tmpethick/GoogleDrive/dtu/10-EPFL/thesis/thesis-code/IPOPT/Ipopt-3.11.7/build_rice  'coin_skip_warn_cxxflags=yes' --cache-file=/dev/null --srcdir=../../Ipopt
configure:23637: In case of trouble, first consult the troubleshooting page at https://projects.coin-or.org/BuildTools/wiki/user-troubleshooting
configure:23643: Main configuration of Ipopt successful

## ---------------- ##
## Cache variables. ##
## ---------------- ##

ac_cv_build=i386-apple-darwin18.0.0
ac_cv_build_alias=i386-apple-darwin18.0.0
ac_cv_c_compiler_gnu=yes
ac_cv_cxx_compiler_gnu=yes
ac_cv_env_ADD_CFLAGS_set=
ac_cv_env_ADD_CFLAGS_value=
ac_cv_env_ADD_CXXFLAGS_set=
ac_cv_env_ADD_CXXFLAGS_value=
ac_cv_env_ADD_FFLAGS_set=
ac_cv_env_ADD_FFLAGS_value=
ac_cv_env_CC_set=
ac_cv_env_CC_value=
ac_cv_env_CDEFS_set=
ac_cv_env_CDEFS_value=
ac_cv_env_CFLAGS_set=
ac_cv_env_CFLAGS_value=
ac_cv_env_COIN_SKIP_PROJECTS_set=
ac_cv_env_COIN_SKIP_PROJECTS_value=
ac_cv_env_CPPFLAGS_set=
ac_cv_env_CPPFLAGS_value=
ac_cv_env_CPP_set=
ac_cv_env_CPP_value=
ac_cv_env_CXXCPP_set=
ac_cv_env_CXXCPP_value=
ac_cv_env_CXXDEFS_set=
ac_cv_env_CXXDEFS_value=
ac_cv_env_CXXFLAGS_set=
ac_cv_env_CXXFLAGS_value=
ac_cv_env_CXX_set=
ac_cv_env_CXX_value=
ac_cv_env_DBG_CFLAGS_set=
ac_cv_env_DBG_CFLAGS_value=
ac_cv_env_DBG_CXXFLAGS_set=
ac_cv_env_DBG_CXXFLAGS_value=
ac_cv_env_DBG_FFLAGS_set=
ac_cv_env_DBG_FFLAGS_value=
ac_cv_env_F77_set=
ac_cv_env_F77_value=
ac_cv_env_FFLAGS_set=
ac_cv_env_FFLAGS_value=
ac_cv_env_LDFLAGS_set=
ac_cv_env_LDFLAGS_value=
ac_cv_env_MPICC_set=
ac_cv_env_MPICC_value=
ac_cv_env_MPICXX_set=
ac_cv_env_MPICXX_value=
ac_cv_env_MPIF77_set=
ac_cv_env_MPIF77_value=
ac_cv_env_OPT_CFLAGS_set=
ac_cv_env_OPT_CFLAGS_value=
ac_cv_env_OPT_CXXFLAGS_set=
ac_cv_env_OPT_CXXFLAGS_value=
ac_cv_env_OPT_FFLAGS_set=
ac_cv_env_OPT_FFLAGS_value=
ac_cv_env_build_alias_set=
ac_cv_env_build_alias_value=
ac_cv_env_host_alias_set=
ac_cv_env_host_alias_value=
ac_cv_env_target_alias_set=
ac_cv_env_target_alias_value=
ac_cv_exeext=
ac_cv_f77_compiler_gnu=yes
ac_cv_header_dlfcn_h=yes
ac_cv_header_inttypes_h=yes
ac_cv_header_memory_h=yes
ac_cv_header_stdc=yes
ac_cv_header_stdint_h=yes
ac_cv_header_stdlib_h=yes
ac_cv_header_string_h=yes
ac_cv_header_strings_h=yes
ac_cv_header_sys_stat_h=yes
ac_cv_header_sys_types_h=yes
ac_cv_header_unistd_h=yes
ac_cv_host=i386-apple-darwin18.0.0
ac_cv_host_alias=i386-apple-darwin18.0.0
ac_cv_objext=o
ac_cv_path_install='/usr/local/bin/ginstall -c'
ac_cv_prog_AWK=awk
ac_cv_prog_CPP='cc -E'
ac_cv_prog_CXXCPP='g++ -E'
ac_cv_prog_ac_ct_AR=ar
ac_cv_prog_ac_ct_CC=cc
ac_cv_prog_ac_ct_CXX=g++
ac_cv_prog_ac_ct_F77=gfortran
ac_cv_prog_ac_ct_RANLIB=ranlib
ac_cv_prog_ac_ct_STRIP=strip
ac_cv_prog_cc_g=yes
ac_cv_prog_cc_stdc=
ac_cv_prog_coin_doxy_usedot=YES
ac_cv_prog_coin_have_doxygen=no
ac_cv_prog_cxx_g=yes
ac_cv_prog_egrep='grep -E'
ac_cv_prog_f77_g=yes
ac_cv_prog_make_make_set=yes
am_cv_CC_dependencies_compiler_type=gcc3
am_cv_CXX_dependencies_compiler_type=gcc3
lt_cv_deplibs_check_method=pass_all
lt_cv_file_magic_cmd='$MAGIC_CMD'
lt_cv_file_magic_test_file=
lt_cv_ld_reload_flag=-r
lt_cv_objdir=.libs
lt_cv_path_LD=/Applications/Xcode.app/Contents/Developer/Toolchains/XcodeDefault.xctoolchain/usr/bin/ld
lt_cv_path_LDCXX=/Applications/Xcode.app/Contents/Developer/Toolchains/XcodeDefault.xctoolchain/usr/bin/ld
lt_cv_path_NM='/usr/bin/nm -B'
lt_cv_path_SED=/usr/bin/sed
lt_cv_prog_compiler_c_o=yes
lt_cv_prog_compiler_c_o_CXX=yes
lt_cv_prog_compiler_c_o_F77=yes
lt_cv_prog_compiler_rtti_exceptions=yes
lt_cv_prog_gnu_ld=no
lt_cv_prog_gnu_ldcxx=no
lt_cv_sys_global_symbol_pipe='sed -n -e '\''s/^.*[ 	]\([BCDEGRST][BCDEGRST]*\)[ 	][ 	]*_\([_A-Za-z][_A-Za-z0-9]*\)$/\1 _\2 \2/p'\'''
lt_cv_sys_global_symbol_to_c_name_address='sed -n -e '\''s/^: \([^ ]*\) $/  {\"\1\", (lt_ptr) 0},/p'\'' -e '\''s/^[BCDEGRST] \([^ ]*\) \([^ ]*\)$/  {"\2", (lt_ptr) \&\2},/p'\'''
lt_cv_sys_global_symbol_to_cdecl='sed -n -e '\''s/^. .* \(.*\)$/extern int \1;/p'\'''
lt_cv_sys_max_cmd_len=196608
lt_lt_cv_prog_compiler_c_o='"yes"'
lt_lt_cv_prog_compiler_c_o_CXX='"yes"'
lt_lt_cv_prog_compiler_c_o_F77='"yes"'
lt_lt_cv_sys_global_symbol_pipe='"sed -n -e '\''s/^.*[ 	]\\([BCDEGRST][BCDEGRST]*\\)[ 	][ 	]*_\\([_A-Za-z][_A-Za-z0-9]*\\)\$/\\1 _\\2 \\2/p'\''"'
lt_lt_cv_sys_global_symbol_to_c_name_address='"sed -n -e '\''s/^: \\([^ ]*\\) \$/  {\\\"\\1\\\", (lt_ptr) 0},/p'\'' -e '\''s/^[BCDEGRST] \\([^ ]*\\) \\([^ ]*\\)\$/  {\"\\2\", (lt_ptr) \\&\\2},/p'\''"'
lt_lt_cv_sys_global_symbol_to_cdecl='"sed -n -e '\''s/^. .* \\(.*\\)\$/extern int \\1;/p'\''"'

## ----------------- ##
## Output variables. ##
## ----------------- ##

ABSBUILDDIR=''
ACLOCAL='${SHELL} /Users/tmpethick/GoogleDrive/dtu/10-EPFL/thesis/thesis-code/IPOPT/Ipopt-3.11.7/missing --run aclocal-1.9'
ADD_CFLAGS=''
ADD_CXXFLAGS=''
ADD_FFLAGS=''
AMDEPBACKSLASH='\'
AMDEP_FALSE='#'
AMDEP_TRUE=''
AMTAR='${SHELL} /Users/tmpethick/GoogleDrive/dtu/10-EPFL/thesis/thesis-code/IPOPT/Ipopt-3.11.7/missing --run tar'
AR='ar'
AUTOCONF='${SHELL} /Users/tmpethick/GoogleDrive/dtu/10-EPFL/thesis/thesis-code/IPOPT/Ipopt-3.11.7/missing --run autoconf'
AUTOHEADER='${SHELL} /Users/tmpethick/GoogleDrive/dtu/10-EPFL/thesis/thesis-code/IPOPT/Ipopt-3.11.7/missing --run autoheader'
AUTOMAKE='${SHELL} /Users/tmpethick/GoogleDrive/dtu/10-EPFL/thesis/thesis-code/IPOPT/Ipopt-3.11.7/missing --run automake-1.9'
AUX_DIR=''
AWK='awk'
BUILDTOOLSDIR=''
CC='cc'
CCDEPMODE='depmode=gcc3'
CDEFS=''
CFLAGS='-O3 -pipe -DNDEBUG -Wimplicit -Wparentheses -Wsequence-point -Wreturn-type -Wcast-qual -Wall -Wno-unknown-pragmas -Wno-long-long  '
COIN_CC_IS_CL_FALSE=''
COIN_CC_IS_CL_TRUE='#'
COIN_CXX_IS_CL_FALSE=''
COIN_CXX_IS_CL_TRUE='#'
COIN_SKIP_PROJECTS=''
CPP='cc -E'
CPPFLAGS=''
CXX='g++'
CXXCPP='g++ -E'
CXXDEFS=''
CXXDEPMODE='depmode=gcc3'
CXXFLAGS='-O3 -pipe -DNDEBUG   '
CYGPATH_W='echo'
DBG_CFLAGS='-g -O0 -pipe -Wimplicit -Wparentheses -Wsequence-point -Wreturn-type -Wcast-qual -Wall -Wno-unknown-pragmas -Wno-long-long  '
DBG_CXXFLAGS='-g -O0 -pipe   '
DBG_FFLAGS='-g -O0 -pipe  '
DEFS='-DPACKAGE_NAME=\"Ipopt\" -DPACKAGE_TARNAME=\"ipopt\" -DPACKAGE_VERSION=\"3.11.7\" -DPACKAGE_STRING=\"Ipopt\ 3.11.7\" -DPACKAGE_BUGREPORT=\"http://projects.coin-or.org/Ipopt/newticket\" -DPACKAGE=\"ipopt\" -DVERSION=\"3.11.7\" -DSTDC_HEADERS=1 -DHAVE_SYS_TYPES_H=1 -DHAVE_SYS_STAT_H=1 -DHAVE_STDLIB_H=1 -DHAVE_STRING_H=1 -DHAVE_MEMORY_H=1 -DHAVE_STRINGS_H=1 -DHAVE_INTTYPES_H=1 -DHAVE_STDINT_H=1 -DHAVE_UNISTD_H=1 -DHAVE_DLFCN_H=1 '
DEPDIR='.deps'
DEPENDENCY_LINKING_FALSE=''
DEPENDENCY_LINKING_TRUE='#'
ECHO='/bin/echo'
ECHO_C='ECHO_N=''
ECHO_T=''
EGREP='grep -E'
EXEEXT=''
F77='gfortran'
FFLAGS='-O3 -pipe  '
HAVE_EXTERNALS_FALSE=''
HAVE_EXTERNALS_TRUE='#'
INSTALL_DATA='${INSTALL} -m 644'
INSTALL_PROGRAM='${INSTALL}'
INSTALL_SCRIPT='${INSTALL}'
INSTALL_STRIP_PROGRAM='${SHELL} $(install_sh) -c -s'
LDFLAGS=''
LIBEXT='a'
LIBOBJS=''
LIBS=''
LIBTOOL='$(SHELL) $(top_builddir)/libtool'
LIBTOOLM4=''
LN_S='ln -s'
LTLIBOBJS=''
LT_LDFLAGS=''
MAINT='#'
MAINTAINER_MODE_FALSE=''
MAINTAINER_MODE_TRUE='#'
MAKEINFO='${SHELL} /Users/tmpethick/GoogleDrive/dtu/10-EPFL/thesis/thesis-code/IPOPT/Ipopt-3.11.7/missing --run makeinfo'
MPICC=''
MPICXX=''
MPIF77=''
OBJEXT='o'
OPT_CFLAGS='-O3 -pipe -DNDEBUG -Wimplicit -Wparentheses -Wsequence-point -Wreturn-type -Wcast-qual -Wall -Wno-unknown-pragmas -Wno-long-long  '
OPT_CXXFLAGS='-O3 -pipe -DNDEBUG   '
OPT_FFLAGS='-O3 -pipe  '
PACKAGE='ipopt'
PACKAGE_BUGREPORT='http://projects.coin-or.org/Ipopt/newticket'
PACKAGE_NAME='Ipopt'
PACKAGE_STRING='Ipopt 3.11.7'
PACKAGE_TARNAME='ipopt'
PACKAGE_VERSION='3.11.7'
PATH_SEPARATOR=':'
RANLIB='ranlib'
RPATH_FLAGS=''
SET_MAKE=''
SHELL='/bin/sh'
STRIP='strip'
VERSION='3.11.7'
VPATH_DISTCLEANFILES=''
abs_bin_dir='/Users/tmpethick/GoogleDrive/dtu/10-EPFL/thesis/thesis-code/IPOPT/Ipopt-3.11.7/build_rice/bin'
abs_include_dir='/Users/tmpethick/GoogleDrive/dtu/10-EPFL/thesis/thesis-code/IPOPT/Ipopt-3.11.7/build_rice/include'
abs_lib_dir='/Users/tmpethick/GoogleDrive/dtu/10-EPFL/thesis/thesis-code/IPOPT/Ipopt-3.11.7/build_rice/lib'
abs_source_dir='/Users/tmpethick/GoogleDrive/dtu/10-EPFL/thesis/thesis-code/IPOPT/Ipopt-3.11.7'
ac_c_preproc_warn_flag=''
ac_ct_AR='ar'
ac_ct_CC='cc'
ac_ct_CXX='g++'
ac_ct_F77='gfortran'
ac_ct_RANLIB='ranlib'
ac_ct_STRIP='strip'
ac_cxx_preproc_warn_flag=''
am__fastdepCC_FALSE='#'
am__fastdepCC_TRUE=''
am__fastdepCXX_FALSE='#'
am__fastdepCXX_TRUE=''
am__include='include'
am__leading_dot='.'
am__quote=''
am__tar='${AMTAR} chof - "$$tardir"'
am__untar='${AMTAR} xf -'
bindir='${exec_prefix}/bin'
build='i386-apple-darwin18.0.0'
build_alias=''
build_cpu='i386'
build_os='darwin18.0.0'
build_vendor='apple'
coin_doxy_excludes=''
coin_doxy_logname='doxydoc/ipopt_doxy.log'
coin_doxy_tagfiles=''
coin_doxy_tagname='doxydoc/ipopt_doxy.tag'
coin_doxy_usedot='YES'
coin_have_doxygen='no'
datadir='${prefix}/share'
exec_prefix='${prefix}'
have_autoconf=''
have_automake=''
have_svn=''
host='i386-apple-darwin18.0.0'
host_alias=''
host_cpu='i386'
host_os='darwin18.0.0'
host_vendor='apple'
includedir='${prefix}/include'
infodir='${prefix}/info'
install_sh='/Users/tmpethick/GoogleDrive/dtu/10-EPFL/thesis/thesis-code/IPOPT/Ipopt-3.11.7/install-sh'
libdir='${exec_prefix}/lib'
libexecdir='${exec_prefix}/libexec'
localstatedir='${prefix}/var'
mandir='${prefix}/man'
mkdir_p='$(install_sh) -d'
oldincludedir='/usr/include'
prefix='/Users/tmpethick/GoogleDrive/dtu/10-EPFL/thesis/thesis-code/IPOPT/Ipopt-3.11.7/build_rice'
program_transform_name='s,x,x,'
sbindir='${exec_prefix}/sbin'
sharedstatedir='${prefix}/com'
sol_cc_compiler=''
subdirs=' ThirdParty/ASL ThirdParty/Blas ThirdParty/Lapack ThirdParty/Metis ThirdParty/HSL ThirdParty/HSLold Ipopt'
sysconfdir='${prefix}/etc'
target_alias=''

## ----------- ##
## confdefs.h. ##
## ----------- ##

#define HAVE_DLFCN_H 1
#define HAVE_INTTYPES_H 1
#define HAVE_MEMORY_H 1
#define HAVE_STDINT_H 1
#define HAVE_STDLIB_H 1
#define HAVE_STRINGS_H 1
#define HAVE_STRING_H 1
#define HAVE_SYS_STAT_H 1
#define HAVE_SYS_TYPES_H 1
#define HAVE_UNISTD_H 1
#define PACKAGE "ipopt"
#define PACKAGE_BUGREPORT "http://projects.coin-or.org/Ipopt/newticket"
#define PACKAGE_NAME "Ipopt"
#define PACKAGE_STRING "Ipopt 3.11.7"
#define PACKAGE_TARNAME "ipopt"
#define PACKAGE_VERSION "3.11.7"
#define STDC_HEADERS 1
#define VERSION "3.11.7"
#endif
#ifdef __cplusplus
extern "C" void exit (int);

configure: exit 0
