This file contains any messages produced by compilers while
running configure, to aid debugging if configure makes a mistake.

It was created by Ipopt configure 3.12.5, which was
generated by GNU Autoconf 2.59.  Invocation command line was

  $ ../../Ipopt/configure --prefix=/Users/tmpethick/GoogleDrive/dtu/10-EPFL/thesis/thesis-code/pyipopt/Ipopt-3.12.5/build --cache-file=/dev/null --srcdir=../../Ipopt

## --------- ##
## Platform. ##
## --------- ##

hostname = tsf-492-wpa-3-013.epfl.ch
uname -m = x86_64
uname -r = 18.0.0
uname -s = Darwin
uname -v = Darwin Kernel Version 18.0.0: Wed Aug 22 20:13:40 PDT 2018; root:xnu-4903.201.2~1/RELEASE_X86_64

/usr/bin/uname -p = i386
/bin/uname -X     = unknown

/bin/arch              = unknown
/usr/bin/arch -k       = unknown
/usr/convex/getsysinfo = unknown
hostinfo               = Mach kernel version:
	 Darwin Kernel Version 18.0.0: Wed Aug 22 20:13:40 PDT 2018; root:xnu-4903.201.2~1/RELEASE_X86_64
Kernel configured for up to 8 processors.
4 processors are physically available.
8 processors are logically available.
Processor type: x86_64h (Intel x86-64h Haswell)
Processors active: 0 1 2 3 4 5 6 7
Primary memory available: 16.00 gigabytes
Default processor set: 511 tasks, 4202 threads, 8 processors
Load average: 3.82, Mach factor: 4.46
/bin/machine           = unknown
/usr/bin/oslevel       = unknown
/bin/universe          = unknown

PATH: /Users/tmpethick/.rvm/gems/ruby-2.4.0/bin
PATH: /Users/tmpethick/.rvm/gems/ruby-2.4.0@global/bin
PATH: /Users/tmpethick/.rvm/rubies/ruby-2.4.0/bin
PATH: /Users/tmpethick/Library/Haskell/bin
PATH: /Users/tmpethick/anaconda3/envs/lions/bin
PATH: /Users/tmpethick/.npm-packages/bin
PATH: /Users/tmpethick/.opam/system/bin
PATH: /Users/tmpethick/.local/bin
PATH: /usr/local/bin
PATH: /Users/tmpethick/.fastlane/bin
PATH: /Users/tmpethick/anaconda3/bin
PATH: /usr/local/bin
PATH: /usr/local/sbin
PATH: /usr/bin
PATH: /bin
PATH: /usr/sbin
PATH: /sbin
PATH: /Library/TeX/texbin
PATH: /usr/local/share/dotnet
PATH: /opt/X11/bin
PATH: /Library/Frameworks/Mono.framework/Versions/Current/Commands
PATH: /Applications/Xamarin Workbooks.app/Contents/SharedSupport/path-bin
PATH: /Users/tmpethick/.rvm/bin


## ----------- ##
## Core tests. ##
## ----------- ##

configure:1714: checking build system type
configure:1732: result: i386-apple-darwin18.0.0
configure:1805: checking for svnversion
configure:1821: found /usr/bin/svnversion
configure:1832: result: yes
configure:1862: checking whether we want to compile in debug mode
configure:1908: result: no
configure:1965: checking for egrep
configure:1975: result: grep -E
configure:1980: checking whether ln -s works
configure:1984: result: yes
configure:2200: checking for clang
configure:2216: found /usr/bin/clang
configure:2226: result: clang
configure:2247: checking for C compiler version
configure:2250: clang --version </dev/null >&5
Apple LLVM version 10.0.0 (clang-1000.11.45.5)
Target: x86_64-apple-darwin18.0.0
Thread model: posix
InstalledDir: /Applications/Xcode.app/Contents/Developer/Toolchains/XcodeDefault.xctoolchain/usr/bin
configure:2253: $? = 0
configure:2255: clang -v </dev/null >&5
Apple LLVM version 10.0.0 (clang-1000.11.45.5)
Target: x86_64-apple-darwin18.0.0
Thread model: posix
InstalledDir: /Applications/Xcode.app/Contents/Developer/Toolchains/XcodeDefault.xctoolchain/usr/bin
Found CUDA installation: /usr/local/cuda, version 8.0
configure:2258: $? = 0
configure:2260: clang -V </dev/null >&5
clang: error: argument to '-V' is missing (expected 1 value)
clang: error: no input files
configure:2263: $? = 1
configure:2286: checking for C compiler default output file name
configure:2289: clang    conftest.c  >&5
configure:2292: $? = 0
configure:2338: result: a.out
configure:2343: checking whether the C compiler works
configure:2349: ./a.out
configure:2352: $? = 0
configure:2369: result: yes
configure:2376: checking whether we are cross compiling
configure:2378: result: no
configure:2381: checking for suffix of executables
configure:2383: clang -o conftest    conftest.c  >&5
configure:2386: $? = 0
configure:2411: result: 
configure:2417: checking for suffix of object files
configure:2438: clang -c   conftest.c >&5
configure:2441: $? = 0
configure:2463: result: o
configure:2467: checking whether we are using the GNU C compiler
configure:2491: clang -c   conftest.c >&5
configure:2497: $? = 0
configure:2501: test -z 
			 || test ! -s conftest.err
configure:2504: $? = 0
configure:2507: test -s conftest.o
configure:2510: $? = 0
configure:2523: result: yes
configure:2529: checking whether clang accepts -g
configure:2550: clang -c -g  conftest.c >&5
configure:2556: $? = 0
configure:2560: test -z 
			 || test ! -s conftest.err
configure:2563: $? = 0
configure:2566: test -s conftest.o
configure:2569: $? = 0
configure:2580: result: yes
configure:2597: checking for clang option to accept ANSI C
configure:2667: clang  -c -g -O2  conftest.c >&5
configure:2673: $? = 0
configure:2677: test -z 
			 || test ! -s conftest.err
configure:2680: $? = 0
configure:2683: test -s conftest.o
configure:2686: $? = 0
configure:2704: result: none needed
configure:2722: clang -c -g -O2  conftest.c >&5
conftest.c:2:3: error: unknown type name 'choke'
  choke me
  ^
conftest.c:2:11: error: expected ';' after top level declarator
  choke me
          ^
          ;
2 errors generated.
configure:2728: $? = 1
configure: failed program was:
| #ifndef __cplusplus
|   choke me
| #endif
configure:3156: clang -o conftest -O3 -pipe -DNDEBUG -Wimplicit -Wparentheses -Wsequence-point -Wreturn-type -Wcast-qual -Wall -Wno-unknown-pragmas -Wno-long-long   -DIPOPT_BUILD   conftest.c  >&5
configure:3162: $? = 0
configure:3166: test -z 
			 || test ! -s conftest.err
configure:3169: $? = 0
configure:3172: test -s conftest
configure:3175: $? = 0
configure:3242: C compiler options are: -O3 -pipe -DNDEBUG -Wimplicit -Wparentheses -Wsequence-point -Wreturn-type -Wcast-qual -Wall -Wno-unknown-pragmas -Wno-long-long   -DIPOPT_BUILD
configure:3359: checking for clang++
configure:3375: found /usr/bin/clang++
configure:3385: result: clang++
configure:3401: checking for C++ compiler version
configure:3404: clang++ --version </dev/null >&5
Apple LLVM version 10.0.0 (clang-1000.11.45.5)
Target: x86_64-apple-darwin18.0.0
Thread model: posix
InstalledDir: /Applications/Xcode.app/Contents/Developer/Toolchains/XcodeDefault.xctoolchain/usr/bin
configure:3407: $? = 0
configure:3409: clang++ -v </dev/null >&5
Apple LLVM version 10.0.0 (clang-1000.11.45.5)
Target: x86_64-apple-darwin18.0.0
Thread model: posix
InstalledDir: /Applications/Xcode.app/Contents/Developer/Toolchains/XcodeDefault.xctoolchain/usr/bin
Found CUDA installation: /usr/local/cuda, version 8.0
configure:3412: $? = 0
configure:3414: clang++ -V </dev/null >&5
clang: error: argument to '-V' is missing (expected 1 value)
clang: error: no input files
configure:3417: $? = 1
configure:3420: checking whether we are using the GNU C++ compiler
configure:3444: clang++ -c   conftest.cc >&5
configure:3450: $? = 0
configure:3454: test -z 
			 || test ! -s conftest.err
configure:3457: $? = 0
configure:3460: test -s conftest.o
configure:3463: $? = 0
configure:3476: result: yes
configure:3482: checking whether clang++ accepts -g
configure:3503: clang++ -c -g  conftest.cc >&5
configure:3509: $? = 0
configure:3513: test -z 
			 || test ! -s conftest.err
configure:3516: $? = 0
configure:3519: test -s conftest.o
configure:3522: $? = 0
configure:3533: result: yes
configure:3575: clang++ -c -g -O2  conftest.cc >&5
configure:3581: $? = 0
configure:3585: test -z 
			 || test ! -s conftest.err
configure:3588: $? = 0
configure:3591: test -s conftest.o
configure:3594: $? = 0
configure:3620: clang++ -c -g -O2  conftest.cc >&5
conftest.cc:19:1: error: use of undeclared identifier 'exit'
exit (42);
^
1 error generated.
configure:3626: $? = 1
configure: failed program was:
| /* confdefs.h.  */
| 
| #define PACKAGE_NAME "Ipopt"
| #define PACKAGE_TARNAME "ipopt"
| #define PACKAGE_VERSION "3.12.5"
| #define PACKAGE_STRING "Ipopt 3.12.5"
| #define PACKAGE_BUGREPORT "http://projects.coin-or.org/Ipopt/newticket"
| #define IPOPT_VERSION "3.12.5"
| #define IPOPT_VERSION_MAJOR 3
| #define IPOPT_VERSION_MINOR 12
| #define IPOPT_VERSION_RELEASE 5
| #define COIN_IPOPT_VERBOSITY 0
| #define COIN_IPOPT_CHECKLEVEL 0
| /* end confdefs.h.  */
| 
| int
| main ()
| {
| exit (42);
|   ;
|   return 0;
| }
configure:3575: clang++ -c -g -O2  conftest.cc >&5
conftest.cc:15:17: error: use of undeclared identifier 'std'
extern "C" void std::exit (int) throw (); using std::exit;
                ^
conftest.cc:15:49: error: use of undeclared identifier 'std'
extern "C" void std::exit (int) throw (); using std::exit;
                                                ^
2 errors generated.
configure:3581: $? = 1
configure: failed program was:
| /* confdefs.h.  */
| 
| #define PACKAGE_NAME "Ipopt"
| #define PACKAGE_TARNAME "ipopt"
| #define PACKAGE_VERSION "3.12.5"
| #define PACKAGE_STRING "Ipopt 3.12.5"
| #define PACKAGE_BUGREPORT "http://projects.coin-or.org/Ipopt/newticket"
| #define IPOPT_VERSION "3.12.5"
| #define IPOPT_VERSION_MAJOR 3
| #define IPOPT_VERSION_MINOR 12
| #define IPOPT_VERSION_RELEASE 5
| #define COIN_IPOPT_VERBOSITY 0
| #define COIN_IPOPT_CHECKLEVEL 0
| /* end confdefs.h.  */
| extern "C" void std::exit (int) throw (); using std::exit;
| #include <stdlib.h>
| int
| main ()
| {
| exit (42);
|   ;
|   return 0;
| }
configure:3575: clang++ -c -g -O2  conftest.cc >&5
conftest.cc:15:17: error: use of undeclared identifier 'std'
extern "C" void std::exit (int); using std::exit;
                ^
conftest.cc:15:40: error: use of undeclared identifier 'std'
extern "C" void std::exit (int); using std::exit;
                                       ^
2 errors generated.
configure:3581: $? = 1
configure: failed program was:
| /* confdefs.h.  */
| 
| #define PACKAGE_NAME "Ipopt"
| #define PACKAGE_TARNAME "ipopt"
| #define PACKAGE_VERSION "3.12.5"
| #define PACKAGE_STRING "Ipopt 3.12.5"
| #define PACKAGE_BUGREPORT "http://projects.coin-or.org/Ipopt/newticket"
| #define IPOPT_VERSION "3.12.5"
| #define IPOPT_VERSION_MAJOR 3
| #define IPOPT_VERSION_MINOR 12
| #define IPOPT_VERSION_RELEASE 5
| #define COIN_IPOPT_VERBOSITY 0
| #define COIN_IPOPT_CHECKLEVEL 0
| /* end confdefs.h.  */
| extern "C" void std::exit (int); using std::exit;
| #include <stdlib.h>
| int
| main ()
| {
| exit (42);
|   ;
|   return 0;
| }
configure:3575: clang++ -c -g -O2  conftest.cc >&5
In file included from conftest.cc:16:
In file included from /Applications/Xcode.app/Contents/Developer/Toolchains/XcodeDefault.xctoolchain/usr/include/c++/v1/stdlib.h:94:
/Applications/Xcode.app/Contents/Developer/Platforms/MacOSX.platform/Developer/SDKs/MacOSX10.14.sdk/usr/include/stdlib.h:145:7: error: 'exit' is missing exception specification 'throw()'
void     exit(int) __dead2;
         ^
conftest.cc:15:17: note: previous declaration is here
extern "C" void exit (int) throw ();
                ^
1 error generated.
configure:3581: $? = 1
configure: failed program was:
| /* confdefs.h.  */
| 
| #define PACKAGE_NAME "Ipopt"
| #define PACKAGE_TARNAME "ipopt"
| #define PACKAGE_VERSION "3.12.5"
| #define PACKAGE_STRING "Ipopt 3.12.5"
| #define PACKAGE_BUGREPORT "http://projects.coin-or.org/Ipopt/newticket"
| #define IPOPT_VERSION "3.12.5"
| #define IPOPT_VERSION_MAJOR 3
| #define IPOPT_VERSION_MINOR 12
| #define IPOPT_VERSION_RELEASE 5
| #define COIN_IPOPT_VERBOSITY 0
| #define COIN_IPOPT_CHECKLEVEL 0
| /* end confdefs.h.  */
| extern "C" void exit (int) throw ();
| #include <stdlib.h>
| int
| main ()
| {
| exit (42);
|   ;
|   return 0;
| }
configure:3575: clang++ -c -g -O2  conftest.cc >&5
configure:3581: $? = 0
configure:3585: test -z 
			 || test ! -s conftest.err
configure:3588: $? = 0
configure:3591: test -s conftest.o
configure:3594: $? = 0
configure:3620: clang++ -c -g -O2  conftest.cc >&5
configure:3626: $? = 0
configure:3630: test -z 
			 || test ! -s conftest.err
configure:3633: $? = 0
configure:3636: test -s conftest.o
configure:3639: $? = 0
configure:3671: checking whether C++ compiler clang++ works
configure:3689: clang++ -c -g -O2  conftest.cc >&5
configure:3695: $? = 0
configure:3699: test -z 
			 || test ! -s conftest.err
configure:3702: $? = 0
configure:3705: test -s conftest.o
configure:3708: $? = 0
configure:3710: result: yes
configure:4038: clang++ -o conftest -O3 -pipe -DNDEBUG -Wparentheses -Wreturn-type -Wcast-qual -Wall -Wpointer-arith -Wwrite-strings -Wconversion -Wno-unknown-pragmas -Wno-long-long   -DIPOPT_BUILD   conftest.cc  >&5
configure:4044: $? = 0
configure:4048: test -z 
			 || test ! -s conftest.err
configure:4051: $? = 0
configure:4054: test -s conftest
configure:4057: $? = 0
configure:4124: C++ compiler options are: -O3 -pipe -DNDEBUG -Wparentheses -Wreturn-type -Wcast-qual -Wall -Wpointer-arith -Wwrite-strings -Wconversion -Wno-unknown-pragmas -Wno-long-long   -DIPOPT_BUILD
configure:4189: clang++ -c -O3 -pipe -DNDEBUG -Wparentheses -Wreturn-type -Wcast-qual -Wall -Wpointer-arith -Wwrite-strings -Wconversion -Wno-unknown-pragmas -Wno-long-long   -DIPOPT_BUILD  conftest.cc >&5
configure:4195: $? = 0
configure:4199: test -z 
			 || test ! -s conftest.err
configure:4202: $? = 0
configure:4205: test -s conftest.o
configure:4208: $? = 0
configure:4252: Assuming that CXXLIBS is "-lc++".
configure:4311: Trying to determine Fortran compiler name
configure:4360: checking for xlf_r
configure:4389: result: no
configure:4360: checking for fort77
configure:4389: result: no
configure:4360: checking for gfortran
configure:4376: found /usr/local/bin/gfortran
configure:4386: result: gfortran
configure:4494: checking for Fortran 77 compiler version
configure:4497: gfortran --version </dev/null >&5
GNU Fortran (Homebrew GCC 7.2.0_1) 7.2.0
Copyright (C) 2017 Free Software Foundation, Inc.
This is free software; see the source for copying conditions.  There is NO
warranty; not even for MERCHANTABILITY or FITNESS FOR A PARTICULAR PURPOSE.

configure:4500: $? = 0
configure:4502: gfortran -v </dev/null >&5
Using built-in specs.
COLLECT_GCC=gfortran
COLLECT_LTO_WRAPPER=/usr/local/Cellar/gcc/7.2.0_1/libexec/gcc/x86_64-apple-darwin16.7.0/7.2.0/lto-wrapper
Target: x86_64-apple-darwin16.7.0
Configured with: ../configure --build=x86_64-apple-darwin16.7.0 --prefix=/usr/local/Cellar/gcc/7.2.0_1 --libdir=/usr/local/Cellar/gcc/7.2.0_1/lib/gcc/7 --enable-languages=c,c++,objc,obj-c++,fortran --program-suffix=-7 --with-gmp=/usr/local/opt/gmp --with-mpfr=/usr/local/opt/mpfr --with-mpc=/usr/local/opt/libmpc --with-isl=/usr/local/opt/isl --with-system-zlib --enable-checking=release --with-pkgversion='Homebrew GCC 7.2.0_1' --with-bugurl=https://github.com/Homebrew/homebrew-core/issues --disable-nls
Thread model: posix
gcc version 7.2.0 (Homebrew GCC 7.2.0_1) 
configure:4505: $? = 0
configure:4507: gfortran -V </dev/null >&5
gfortran: error: unrecognized command line option '-V'
gfortran: fatal error: no input files
compilation terminated.
configure:4510: $? = 1
configure:4518: checking whether we are using the GNU Fortran 77 compiler
configure:4532: gfortran -c  conftest.F >&5
configure:4538: $? = 0
configure:4542: test -z 
			 || test ! -s conftest.err
configure:4545: $? = 0
configure:4548: test -s conftest.o
configure:4551: $? = 0
configure:4564: result: yes
configure:4570: checking whether gfortran accepts -g
configure:4582: gfortran -c -g conftest.f >&5
configure:4588: $? = 0
configure:4592: test -z 
			 || test ! -s conftest.err
configure:4595: $? = 0
configure:4598: test -s conftest.o
configure:4601: $? = 0
configure:4613: result: yes
configure:4848: gfortran -o conftest -O3 -pipe    conftest.f  >&5
configure:4854: $? = 0
configure:4858: test -z 
			 || test ! -s conftest.err
configure:4861: $? = 0
configure:4864: test -s conftest
configure:4867: $? = 0
configure:4925: Fortran compiler options are: -O3 -pipe  
configure:4961: checking how to get verbose linking output from gfortran
configure:4972: gfortran -c -O3 -pipe   conftest.f >&5
configure:4978: $? = 0
configure:4982: test -z 
			 || test ! -s conftest.err
configure:4985: $? = 0
configure:4988: test -s conftest.o
configure:4991: $? = 0
configure:5008: gfortran -o conftest -O3 -pipe   -v  conftest.f  >&5
Using built-in specs.
COLLECT_GCC=gfortran
COLLECT_LTO_WRAPPER=/usr/local/Cellar/gcc/7.2.0_1/libexec/gcc/x86_64-apple-darwin16.7.0/7.2.0/lto-wrapper
Target: x86_64-apple-darwin16.7.0
Configured with: ../configure --build=x86_64-apple-darwin16.7.0 --prefix=/usr/local/Cellar/gcc/7.2.0_1 --libdir=/usr/local/Cellar/gcc/7.2.0_1/lib/gcc/7 --enable-languages=c,c++,objc,obj-c++,fortran --program-suffix=-7 --with-gmp=/usr/local/opt/gmp --with-mpfr=/usr/local/opt/mpfr --with-mpc=/usr/local/opt/libmpc --with-isl=/usr/local/opt/isl --with-system-zlib --enable-checking=release --with-pkgversion='Homebrew GCC 7.2.0_1' --with-bugurl=https://github.com/Homebrew/homebrew-core/issues --disable-nls
Thread model: posix
gcc version 7.2.0 (Homebrew GCC 7.2.0_1) 
COLLECT_GCC_OPTIONS='-o' 'conftest' '-O3' '-pipe' '-v' '-mmacosx-version-min=10.14.0'  '-shared-libgcc' '-mtune=core2'
 /usr/local/Cellar/gcc/7.2.0_1/libexec/gcc/x86_64-apple-darwin16.7.0/7.2.0/f951 conftest.f -ffixed-form -fPIC -quiet -dumpbase conftest.f -mmacosx-version-min=10.14.0 -mtune=core2 -auxbase conftest -O3 -version -fintrinsic-modules-path /usr/local/Cellar/gcc/7.2.0_1/lib/gcc/7/gcc/x86_64-apple-darwin16.7.0/7.2.0/finclude -o - |
 as -arch x86_64 -v -force_cpusubtype_ALL -mmacosx-version-min=10.14 -o /var/folders/mt/hh07zhhn6614w69qxlfmwyzh0000gn/T//ccmeS6Vb.o
GNU Fortran (Homebrew GCC 7.2.0_1) version 7.2.0 (x86_64-apple-darwin16.7.0)
	compiled by GNU C version 7.2.0, GMP version 6.1.2, MPFR version 4.0.0, MPC version 1.1.0, isl version isl-0.18-GMP

GGC heuristics: --param ggc-min-expand=100 --param ggc-min-heapsize=131072
GNU Fortran2008 (Homebrew GCC 7.2.0_1) version 7.2.0 (x86_64-apple-darwin16.7.0)
	compiled by GNU C version 7.2.0, GMP version 6.1.2, MPFR version 4.0.0, MPC version 1.1.0, isl version isl-0.18-GMP

GGC heuristics: --param ggc-min-expand=100 --param ggc-min-heapsize=131072
Apple LLVM version 10.0.0 (clang-1000.11.45.5)
Target: x86_64-apple-darwin18.0.0
Thread model: posix
InstalledDir: /Applications/Xcode.app/Contents/Developer/Toolchains/XcodeDefault.xctoolchain/usr/bin
Found CUDA installation: /usr/local/cuda, version 8.0
 "/Applications/Xcode.app/Contents/Developer/Toolchains/XcodeDefault.xctoolchain/usr/bin/clang" -cc1as -triple x86_64-apple-macosx10.14.0 -filetype obj -main-file-name - -target-cpu penryn -fdebug-compilation-dir /Users/tmpethick/GoogleDrive/dtu/10-EPFL/thesis/thesis-code/pyipopt/Ipopt-3.12.5/build/Ipopt -dwarf-debug-producer Apple LLVM version 10.0.0 (clang-1000.11.45.5) -dwarf-version=4 -mrelocation-model pic -o /var/folders/mt/hh07zhhn6614w69qxlfmwyzh0000gn/T//ccmeS6Vb.o -
Reading specs from /usr/local/Cellar/gcc/7.2.0_1/lib/gcc/7/gcc/x86_64-apple-darwin16.7.0/7.2.0/../../../libgfortran.spec
rename spec lib to liborig
COLLECT_GCC_OPTIONS='-o' 'conftest' '-O3' '-pipe' '-v' '-mmacosx-version-min=10.14.0'  '-shared-libgcc' '-mtune=core2'
COMPILER_PATH=/usr/local/Cellar/gcc/7.2.0_1/libexec/gcc/x86_64-apple-darwin16.7.0/7.2.0/:/usr/local/Cellar/gcc/7.2.0_1/libexec/gcc/x86_64-apple-darwin16.7.0/7.2.0/:/usr/local/Cellar/gcc/7.2.0_1/libexec/gcc/x86_64-apple-darwin16.7.0/:/usr/local/Cellar/gcc/7.2.0_1/lib/gcc/7/gcc/x86_64-apple-darwin16.7.0/7.2.0/:/usr/local/Cellar/gcc/7.2.0_1/lib/gcc/7/gcc/x86_64-apple-darwin16.7.0/
LIBRARY_PATH=/usr/local/Cellar/gcc/7.2.0_1/lib/gcc/7/gcc/x86_64-apple-darwin16.7.0/7.2.0/:/usr/local/Cellar/gcc/7.2.0_1/lib/gcc/7/gcc/x86_64-apple-darwin16.7.0/7.2.0/../../../
COLLECT_GCC_OPTIONS='-o' 'conftest' '-O3' '-pipe' '-v' '-mmacosx-version-min=10.14.0'  '-shared-libgcc' '-mtune=core2'
 /usr/local/Cellar/gcc/7.2.0_1/libexec/gcc/x86_64-apple-darwin16.7.0/7.2.0/collect2 -dynamic -arch x86_64 -macosx_version_min 10.14.0 -weak_reference_mismatches non-weak -o conftest -L/usr/local/Cellar/gcc/7.2.0_1/lib/gcc/7/gcc/x86_64-apple-darwin16.7.0/7.2.0 -L/usr/local/Cellar/gcc/7.2.0_1/lib/gcc/7/gcc/x86_64-apple-darwin16.7.0/7.2.0/../../.. /var/folders/mt/hh07zhhn6614w69qxlfmwyzh0000gn/T//ccmeS6Vb.o -lgfortran -no_compact_unwind -lSystem -lgcc_ext.10.5 -lgcc -lquadmath -lm -lgcc_ext.10.5 -lgcc -lSystem -v
collect2 version 7.2.0
/usr/bin/ld -dynamic -arch x86_64 -macosx_version_min 10.14.0 -weak_reference_mismatches non-weak -o conftest -L/usr/local/Cellar/gcc/7.2.0_1/lib/gcc/7/gcc/x86_64-apple-darwin16.7.0/7.2.0 -L/usr/local/Cellar/gcc/7.2.0_1/lib/gcc/7/gcc/x86_64-apple-darwin16.7.0/7.2.0/../../.. /var/folders/mt/hh07zhhn6614w69qxlfmwyzh0000gn/T//ccmeS6Vb.o -lgfortran -no_compact_unwind -lSystem -lgcc_ext.10.5 -lgcc -lquadmath -lm -lgcc_ext.10.5 -lgcc -lSystem -v
@(#)PROGRAM:ld  PROJECT:ld64-409.12
BUILD 17:47:51 Sep 25 2018
configured to support archs: armv6 armv7 armv7s arm64 i386 x86_64 x86_64h armv6m armv7k armv7m armv7em arm64e arm64_32
Library search paths:
	/usr/local/Cellar/gcc/7.2.0_1/lib/gcc/7/gcc/x86_64-apple-darwin16.7.0/7.2.0
	/usr/local/Cellar/gcc/7.2.0_1/lib/gcc/7
	/usr/lib
	/usr/local/lib
Framework search paths:
	/Library/Frameworks/
	/System/Library/Frameworks/
 /usr/bin/nm -n /var/folders/mt/hh07zhhn6614w69qxlfmwyzh0000gn/T//ccmeS6Vb.o
configure:5063: result: -v
configure:5065: checking for Fortran libraries of gfortran
configure:5086: gfortran -o conftest -O3 -pipe   -v  conftest.f  >&5
Using built-in specs.
COLLECT_GCC=gfortran
COLLECT_LTO_WRAPPER=/usr/local/Cellar/gcc/7.2.0_1/libexec/gcc/x86_64-apple-darwin16.7.0/7.2.0/lto-wrapper
Target: x86_64-apple-darwin16.7.0
Configured with: ../configure --build=x86_64-apple-darwin16.7.0 --prefix=/usr/local/Cellar/gcc/7.2.0_1 --libdir=/usr/local/Cellar/gcc/7.2.0_1/lib/gcc/7 --enable-languages=c,c++,objc,obj-c++,fortran --program-suffix=-7 --with-gmp=/usr/local/opt/gmp --with-mpfr=/usr/local/opt/mpfr --with-mpc=/usr/local/opt/libmpc --with-isl=/usr/local/opt/isl --with-system-zlib --enable-checking=release --with-pkgversion='Homebrew GCC 7.2.0_1' --with-bugurl=https://github.com/Homebrew/homebrew-core/issues --disable-nls
Thread model: posix
gcc version 7.2.0 (Homebrew GCC 7.2.0_1) 
COLLECT_GCC_OPTIONS='-o' 'conftest' '-O3' '-pipe' '-v' '-mmacosx-version-min=10.14.0'  '-shared-libgcc' '-mtune=core2'
 /usr/local/Cellar/gcc/7.2.0_1/libexec/gcc/x86_64-apple-darwin16.7.0/7.2.0/f951 conftest.f -ffixed-form -fPIC -quiet -dumpbase conftest.f -mmacosx-version-min=10.14.0 -mtune=core2 -auxbase conftest -O3 -version -fintrinsic-modules-path /usr/local/Cellar/gcc/7.2.0_1/lib/gcc/7/gcc/x86_64-apple-darwin16.7.0/7.2.0/finclude -o - |
 as -arch x86_64 -v -force_cpusubtype_ALL -mmacosx-version-min=10.14 -o /var/folders/mt/hh07zhhn6614w69qxlfmwyzh0000gn/T//ccTN3jsP.o
GNU Fortran (Homebrew GCC 7.2.0_1) version 7.2.0 (x86_64-apple-darwin16.7.0)
	compiled by GNU C version 7.2.0, GMP version 6.1.2, MPFR version 4.0.0, MPC version 1.1.0, isl version isl-0.18-GMP

GGC heuristics: --param ggc-min-expand=100 --param ggc-min-heapsize=131072
GNU Fortran2008 (Homebrew GCC 7.2.0_1) version 7.2.0 (x86_64-apple-darwin16.7.0)
	compiled by GNU C version 7.2.0, GMP version 6.1.2, MPFR version 4.0.0, MPC version 1.1.0, isl version isl-0.18-GMP

GGC heuristics: --param ggc-min-expand=100 --param ggc-min-heapsize=131072
Apple LLVM version 10.0.0 (clang-1000.11.45.5)
Target: x86_64-apple-darwin18.0.0
Thread model: posix
InstalledDir: /Applications/Xcode.app/Contents/Developer/Toolchains/XcodeDefault.xctoolchain/usr/bin
Found CUDA installation: /usr/local/cuda, version 8.0
 "/Applications/Xcode.app/Contents/Developer/Toolchains/XcodeDefault.xctoolchain/usr/bin/clang" -cc1as -triple x86_64-apple-macosx10.14.0 -filetype obj -main-file-name - -target-cpu penryn -fdebug-compilation-dir /Users/tmpethick/GoogleDrive/dtu/10-EPFL/thesis/thesis-code/pyipopt/Ipopt-3.12.5/build/Ipopt -dwarf-debug-producer Apple LLVM version 10.0.0 (clang-1000.11.45.5) -dwarf-version=4 -mrelocation-model pic -o /var/folders/mt/hh07zhhn6614w69qxlfmwyzh0000gn/T//ccTN3jsP.o -
Reading specs from /usr/local/Cellar/gcc/7.2.0_1/lib/gcc/7/gcc/x86_64-apple-darwin16.7.0/7.2.0/../../../libgfortran.spec
rename spec lib to liborig
COLLECT_GCC_OPTIONS='-o' 'conftest' '-O3' '-pipe' '-v' '-mmacosx-version-min=10.14.0'  '-shared-libgcc' '-mtune=core2'
COMPILER_PATH=/usr/local/Cellar/gcc/7.2.0_1/libexec/gcc/x86_64-apple-darwin16.7.0/7.2.0/:/usr/local/Cellar/gcc/7.2.0_1/libexec/gcc/x86_64-apple-darwin16.7.0/7.2.0/:/usr/local/Cellar/gcc/7.2.0_1/libexec/gcc/x86_64-apple-darwin16.7.0/:/usr/local/Cellar/gcc/7.2.0_1/lib/gcc/7/gcc/x86_64-apple-darwin16.7.0/7.2.0/:/usr/local/Cellar/gcc/7.2.0_1/lib/gcc/7/gcc/x86_64-apple-darwin16.7.0/
LIBRARY_PATH=/usr/local/Cellar/gcc/7.2.0_1/lib/gcc/7/gcc/x86_64-apple-darwin16.7.0/7.2.0/:/usr/local/Cellar/gcc/7.2.0_1/lib/gcc/7/gcc/x86_64-apple-darwin16.7.0/7.2.0/../../../
COLLECT_GCC_OPTIONS='-o' 'conftest' '-O3' '-pipe' '-v' '-mmacosx-version-min=10.14.0'  '-shared-libgcc' '-mtune=core2'
 /usr/local/Cellar/gcc/7.2.0_1/libexec/gcc/x86_64-apple-darwin16.7.0/7.2.0/collect2 -dynamic -arch x86_64 -macosx_version_min 10.14.0 -weak_reference_mismatches non-weak -o conftest -L/usr/local/Cellar/gcc/7.2.0_1/lib/gcc/7/gcc/x86_64-apple-darwin16.7.0/7.2.0 -L/usr/local/Cellar/gcc/7.2.0_1/lib/gcc/7/gcc/x86_64-apple-darwin16.7.0/7.2.0/../../.. /var/folders/mt/hh07zhhn6614w69qxlfmwyzh0000gn/T//ccTN3jsP.o -lgfortran -no_compact_unwind -lSystem -lgcc_ext.10.5 -lgcc -lquadmath -lm -lgcc_ext.10.5 -lgcc -lSystem -v
collect2 version 7.2.0
/usr/bin/ld -dynamic -arch x86_64 -macosx_version_min 10.14.0 -weak_reference_mismatches non-weak -o conftest -L/usr/local/Cellar/gcc/7.2.0_1/lib/gcc/7/gcc/x86_64-apple-darwin16.7.0/7.2.0 -L/usr/local/Cellar/gcc/7.2.0_1/lib/gcc/7/gcc/x86_64-apple-darwin16.7.0/7.2.0/../../.. /var/folders/mt/hh07zhhn6614w69qxlfmwyzh0000gn/T//ccTN3jsP.o -lgfortran -no_compact_unwind -lSystem -lgcc_ext.10.5 -lgcc -lquadmath -lm -lgcc_ext.10.5 -lgcc -lSystem -v
@(#)PROGRAM:ld  PROJECT:ld64-409.12
BUILD 17:47:51 Sep 25 2018
configured to support archs: armv6 armv7 armv7s arm64 i386 x86_64 x86_64h armv6m armv7k armv7m armv7em arm64e arm64_32
Library search paths:
	/usr/local/Cellar/gcc/7.2.0_1/lib/gcc/7/gcc/x86_64-apple-darwin16.7.0/7.2.0
	/usr/local/Cellar/gcc/7.2.0_1/lib/gcc/7
	/usr/lib
	/usr/local/lib
Framework search paths:
	/Library/Frameworks/
	/System/Library/Frameworks/
 /usr/bin/nm -n /var/folders/mt/hh07zhhn6614w69qxlfmwyzh0000gn/T//ccTN3jsP.o
configure:5247: result:  -L/usr/local/Cellar/gcc/7.2.0_1/lib/gcc/7/gcc/x86_64-apple-darwin16.7.0/7.2.0 -L/usr/local/Cellar/gcc/7.2.0_1/lib/gcc/7/gcc/x86_64-apple-darwin16.7.0/7.2.0/../../.. -lgfortran -lSystem -lgcc_ext.10.5 -lquadmath -lm
configure:5314: Corrected Fortran libraries:  -L/usr/local/Cellar/gcc/7.2.0_1/lib/gcc/7/gcc/x86_64-apple-darwin16.7.0/7.2.0 -L/usr/local/Cellar/gcc/7.2.0_1/lib/gcc/7/gcc/x86_64-apple-darwin16.7.0/7.2.0/../../.. -lgfortran -lSystem -lquadmath -lm
configure:5323: checking for dummy main to link with Fortran libraries
configure:5362: clang -o conftest -O3 -pipe -DNDEBUG -Wimplicit -Wparentheses -Wsequence-point -Wreturn-type -Wcast-qual -Wall -Wno-unknown-pragmas -Wno-long-long   -DIPOPT_BUILD   conftest.c   -L/usr/local/Cellar/gcc/7.2.0_1/lib/gcc/7/gcc/x86_64-apple-darwin16.7.0/7.2.0 -L/usr/local/Cellar/gcc/7.2.0_1/lib/gcc/7/gcc/x86_64-apple-darwin16.7.0/7.2.0/../../.. -lgfortran -lSystem -lquadmath -lm >&5
configure:5368: $? = 0
configure:5372: test -z 
			 || test ! -s conftest.err
configure:5375: $? = 0
configure:5378: test -s conftest
configure:5381: $? = 0
configure:5459: result: none
configure:5495: checking for Fortran name-mangling scheme
configure:5509: gfortran -c -O3 -pipe   conftest.f >&5
configure:5515: $? = 0
configure:5519: test -z 
			 || test ! -s conftest.err
configure:5522: $? = 0
configure:5525: test -s conftest.o
configure:5528: $? = 0
configure:5575: clang -o conftest -O3 -pipe -DNDEBUG -Wimplicit -Wparentheses -Wsequence-point -Wreturn-type -Wcast-qual -Wall -Wno-unknown-pragmas -Wno-long-long   -DIPOPT_BUILD   conftest.c cfortran_test.o   -L/usr/local/Cellar/gcc/7.2.0_1/lib/gcc/7/gcc/x86_64-apple-darwin16.7.0/7.2.0 -L/usr/local/Cellar/gcc/7.2.0_1/lib/gcc/7/gcc/x86_64-apple-darwin16.7.0/7.2.0/../../.. -lgfortran -lSystem -lquadmath -lm >&5
Undefined symbols for architecture x86_64:
  "_foobar", referenced from:
      _main in conftest-06cbb5.o
     (maybe you meant: _foobar_)
ld: symbol(s) not found for architecture x86_64
clang: error: linker command failed with exit code 1 (use -v to see invocation)
configure:5581: $? = 1
configure: failed program was:
| /* confdefs.h.  */
| 
| #define PACKAGE_NAME "Ipopt"
| #define PACKAGE_TARNAME "ipopt"
| #define PACKAGE_VERSION "3.12.5"
| #define PACKAGE_STRING "Ipopt 3.12.5"
| #define PACKAGE_BUGREPORT "http://projects.coin-or.org/Ipopt/newticket"
| #define IPOPT_VERSION "3.12.5"
| #define IPOPT_VERSION_MAJOR 3
| #define IPOPT_VERSION_MINOR 12
| #define IPOPT_VERSION_RELEASE 5
| #define COIN_IPOPT_VERBOSITY 0
| #define COIN_IPOPT_CHECKLEVEL 0
| #ifdef __cplusplus
| extern "C" void exit (int);
| #endif
| /* end confdefs.h.  */
| 
| /* Override any gcc2 internal prototype to avoid an error.  */
| #ifdef __cplusplus
| extern "C"
| #endif
| /* We use char because int might match the return type of a gcc2
|    builtin and then its argument prototype would still apply.  */
| char foobar ();
| #ifdef F77_DUMMY_MAIN
| 
| #  ifdef __cplusplus
|      extern "C"
| #  endif
|    int F77_DUMMY_MAIN() { return 1; }
| 
| #endif
| int
| main ()
| {
| foobar ();
|   ;
|   return 0;
| }
configure:5575: clang -o conftest -O3 -pipe -DNDEBUG -Wimplicit -Wparentheses -Wsequence-point -Wreturn-type -Wcast-qual -Wall -Wno-unknown-pragmas -Wno-long-long   -DIPOPT_BUILD   conftest.c cfortran_test.o   -L/usr/local/Cellar/gcc/7.2.0_1/lib/gcc/7/gcc/x86_64-apple-darwin16.7.0/7.2.0 -L/usr/local/Cellar/gcc/7.2.0_1/lib/gcc/7/gcc/x86_64-apple-darwin16.7.0/7.2.0/../../.. -lgfortran -lSystem -lquadmath -lm >&5
configure:5581: $? = 0
configure:5585: test -z 
			 || test ! -s conftest.err
configure:5588: $? = 0
configure:5591: test -s conftest
configure:5594: $? = 0
configure:5662: clang -o conftest -O3 -pipe -DNDEBUG -Wimplicit -Wparentheses -Wsequence-point -Wreturn-type -Wcast-qual -Wall -Wno-unknown-pragmas -Wno-long-long   -DIPOPT_BUILD   conftest.c cfortran_test.o   -L/usr/local/Cellar/gcc/7.2.0_1/lib/gcc/7/gcc/x86_64-apple-darwin16.7.0/7.2.0 -L/usr/local/Cellar/gcc/7.2.0_1/lib/gcc/7/gcc/x86_64-apple-darwin16.7.0/7.2.0/../../.. -lgfortran -lSystem -lquadmath -lm >&5
configure:5668: $? = 0
configure:5672: test -z 
			 || test ! -s conftest.err
configure:5675: $? = 0
configure:5678: test -s conftest
configure:5681: $? = 0
configure:5731: result: lower case, underscore, no extra underscore
configure:5951: checking for a BSD-compatible install
configure:6006: result: /usr/local/bin/ginstall -c
configure:6017: checking whether build environment is sane
configure:6060: result: yes
configure:6125: checking for gawk
configure:6154: result: no
configure:6125: checking for mawk
configure:6154: result: no
configure:6125: checking for nawk
configure:6154: result: no
configure:6125: checking for awk
configure:6141: found /usr/bin/awk
configure:6151: result: awk
configure:6161: checking whether make sets $(MAKE)
configure:6181: result: yes
configure:6211: checking for style of include used by make
configure:6239: result: GNU
configure:6420: checking dependency style of clang
configure:6510: result: gcc3
configure:6529: checking dependency style of clang++
configure:6619: result: gcc3
configure:6637: checking whether to enable maintainer-specific portions of Makefiles
configure:6646: result: no
configure:22027: Using libtool script in directory ..
configure:22126: checking if library version is set
configure:22130: result: 11:5:10
configure:22172: configuring doxygen documentation options
configure:22179: checking for doxygen
configure:22206: result: no
configure:22215: checking for latex
configure:22231: found /Library/TeX/texbin/latex
configure:22242: result: yes
configure:22270: checking for dot
configure:22286: found /usr/local/bin/dot
configure:22297: result: YES
configure:22463: checking for pkg-config
configure:22479: found /usr/local/bin/pkg-config
configure:22489: result: pkg-config
configure:22504: checking pkg-config is at least version 0.16.0
configure:22507: result: yes
configure:24598: checking for BLAS in Veclib
configure:24714: clang -o conftest -O3 -pipe -DNDEBUG -Wimplicit -Wparentheses -Wsequence-point -Wreturn-type -Wcast-qual -Wall -Wno-unknown-pragmas -Wno-long-long   -DIPOPT_BUILD   conftest.c -framework Accelerate  >&5
configure:24720: $? = 0
configure:24724: test -z 
			 || test ! -s conftest.err
configure:24727: $? = 0
configure:24730: test -s conftest
configure:24733: $? = 0
configure:24750: result: yes: -framework Accelerate
configure:26399: checking whether LAPACK is already available with BLAS library
configure:26515: clang -o conftest -O3 -pipe -DNDEBUG -Wimplicit -Wparentheses -Wsequence-point -Wreturn-type -Wcast-qual -Wall -Wno-unknown-pragmas -Wno-long-long   -DIPOPT_BUILD   conftest.c -framework Accelerate  >&5
configure:26521: $? = 0
configure:26525: test -z 
			 || test ! -s conftest.err
configure:26528: $? = 0
configure:26531: test -s conftest
configure:26534: $? = 0
configure:26551: result: yes: -framework Accelerate
configure:28571: checking for COIN-OR package ASL
configure:28713: result: yes: 1.2.15 
configure:29081: checking for COIN-OR package HSL
configure:29223: result: yes: 1.4.5 
configure:29591: checking for COIN-OR package Mumps
configure:29755: result: not given: No package 'coinmumps' found
configure:30116: checking for int *
configure:30148: clang -c -O3 -pipe -DNDEBUG -Wimplicit -Wparentheses -Wsequence-point -Wreturn-type -Wcast-qual -Wall -Wno-unknown-pragmas -Wno-long-long   -DIPOPT_BUILD  conftest.c >&5
configure:30154: $? = 0
configure:30158: test -z 
			 || test ! -s conftest.err
configure:30161: $? = 0
configure:30164: test -s conftest.o
configure:30167: $? = 0
configure:30178: result: yes
configure:30181: checking size of int *
configure:30548: clang -o conftest -O3 -pipe -DNDEBUG -Wimplicit -Wparentheses -Wsequence-point -Wreturn-type -Wcast-qual -Wall -Wno-unknown-pragmas -Wno-long-long   -DIPOPT_BUILD   conftest.c  >&5
configure:30551: $? = 0
configure:30553: ./conftest
configure:30556: $? = 0
configure:30579: result: 8
configure:30631: Using CXXAR="ar cru".
configure:30678: checking cmath usability
configure:30690: clang++ -c -O3 -pipe -DNDEBUG -Wparentheses -Wreturn-type -Wcast-qual -Wall -Wpointer-arith -Wwrite-strings -Wconversion -Wno-unknown-pragmas -Wno-long-long   -DIPOPT_BUILD  conftest.cc >&5
configure:30696: $? = 0
configure:30700: test -z 
			 || test ! -s conftest.err
configure:30703: $? = 0
configure:30706: test -s conftest.o
configure:30709: $? = 0
configure:30719: result: yes
configure:30723: checking cmath presence
configure:30733: clang++ -E  conftest.cc
configure:30739: $? = 0
configure:30759: result: yes
configure:30794: checking for cmath
configure:30801: result: yes
configure:31007: checking cctype usability
configure:31019: clang++ -c -O3 -pipe -DNDEBUG -Wparentheses -Wreturn-type -Wcast-qual -Wall -Wpointer-arith -Wwrite-strings -Wconversion -Wno-unknown-pragmas -Wno-long-long   -DIPOPT_BUILD  conftest.cc >&5
configure:31025: $? = 0
configure:31029: test -z 
			 || test ! -s conftest.err
configure:31032: $? = 0
configure:31035: test -s conftest.o
configure:31038: $? = 0
configure:31048: result: yes
configure:31052: checking cctype presence
configure:31062: clang++ -E  conftest.cc
configure:31068: $? = 0
configure:31088: result: yes
configure:31123: checking for cctype
configure:31130: result: yes
configure:31336: checking cassert usability
configure:31348: clang++ -c -O3 -pipe -DNDEBUG -Wparentheses -Wreturn-type -Wcast-qual -Wall -Wpointer-arith -Wwrite-strings -Wconversion -Wno-unknown-pragmas -Wno-long-long   -DIPOPT_BUILD  conftest.cc >&5
configure:31354: $? = 0
configure:31358: test -z 
			 || test ! -s conftest.err
configure:31361: $? = 0
configure:31364: test -s conftest.o
configure:31367: $? = 0
configure:31377: result: yes
configure:31381: checking cassert presence
configure:31391: clang++ -E  conftest.cc
configure:31397: $? = 0
configure:31417: result: yes
configure:31452: checking for cassert
configure:31459: result: yes
configure:31665: checking cstdio usability
configure:31677: clang++ -c -O3 -pipe -DNDEBUG -Wparentheses -Wreturn-type -Wcast-qual -Wall -Wpointer-arith -Wwrite-strings -Wconversion -Wno-unknown-pragmas -Wno-long-long   -DIPOPT_BUILD  conftest.cc >&5
configure:31683: $? = 0
configure:31687: test -z 
			 || test ! -s conftest.err
configure:31690: $? = 0
configure:31693: test -s conftest.o
configure:31696: $? = 0
configure:31706: result: yes
configure:31710: checking cstdio presence
configure:31720: clang++ -E  conftest.cc
configure:31726: $? = 0
configure:31746: result: yes
configure:31781: checking for cstdio
configure:31788: result: yes
configure:31994: checking cstdlib usability
configure:32006: clang++ -c -O3 -pipe -DNDEBUG -Wparentheses -Wreturn-type -Wcast-qual -Wall -Wpointer-arith -Wwrite-strings -Wconversion -Wno-unknown-pragmas -Wno-long-long   -DIPOPT_BUILD  conftest.cc >&5
configure:32012: $? = 0
configure:32016: test -z 
			 || test ! -s conftest.err
configure:32019: $? = 0
configure:32022: test -s conftest.o
configure:32025: $? = 0
configure:32035: result: yes
configure:32039: checking cstdlib presence
configure:32049: clang++ -E  conftest.cc
configure:32055: $? = 0
configure:32075: result: yes
configure:32110: checking for cstdlib
configure:32117: result: yes
configure:32323: checking cstdarg usability
configure:32335: clang++ -c -O3 -pipe -DNDEBUG -Wparentheses -Wreturn-type -Wcast-qual -Wall -Wpointer-arith -Wwrite-strings -Wconversion -Wno-unknown-pragmas -Wno-long-long   -DIPOPT_BUILD  conftest.cc >&5
configure:32341: $? = 0
configure:32345: test -z 
			 || test ! -s conftest.err
configure:32348: $? = 0
configure:32351: test -s conftest.o
configure:32354: $? = 0
configure:32364: result: yes
configure:32368: checking cstdarg presence
configure:32378: clang++ -E  conftest.cc
configure:32384: $? = 0
configure:32404: result: yes
configure:32439: checking for cstdarg
configure:32446: result: yes
configure:32652: checking cstring usability
configure:32664: clang++ -c -O3 -pipe -DNDEBUG -Wparentheses -Wreturn-type -Wcast-qual -Wall -Wpointer-arith -Wwrite-strings -Wconversion -Wno-unknown-pragmas -Wno-long-long   -DIPOPT_BUILD  conftest.cc >&5
configure:32670: $? = 0
configure:32674: test -z 
			 || test ! -s conftest.err
configure:32677: $? = 0
configure:32680: test -s conftest.o
configure:32683: $? = 0
configure:32693: result: yes
configure:32697: checking cstring presence
configure:32707: clang++ -E  conftest.cc
configure:32713: $? = 0
configure:32733: result: yes
configure:32768: checking for cstring
configure:32775: result: yes
configure:32981: checking cfloat usability
configure:32993: clang++ -c -O3 -pipe -DNDEBUG -Wparentheses -Wreturn-type -Wcast-qual -Wall -Wpointer-arith -Wwrite-strings -Wconversion -Wno-unknown-pragmas -Wno-long-long   -DIPOPT_BUILD  conftest.cc >&5
configure:32999: $? = 0
configure:33003: test -z 
			 || test ! -s conftest.err
configure:33006: $? = 0
configure:33009: test -s conftest.o
configure:33012: $? = 0
configure:33022: result: yes
configure:33026: checking cfloat presence
configure:33036: clang++ -E  conftest.cc
configure:33042: $? = 0
configure:33062: result: yes
configure:33097: checking for cfloat
configure:33104: result: yes
configure:33310: checking ctime usability
configure:33322: clang++ -c -O3 -pipe -DNDEBUG -Wparentheses -Wreturn-type -Wcast-qual -Wall -Wpointer-arith -Wwrite-strings -Wconversion -Wno-unknown-pragmas -Wno-long-long   -DIPOPT_BUILD  conftest.cc >&5
configure:33328: $? = 0
configure:33332: test -z 
			 || test ! -s conftest.err
configure:33335: $? = 0
configure:33338: test -s conftest.o
configure:33341: $? = 0
configure:33351: result: yes
configure:33355: checking ctime presence
configure:33365: clang++ -E  conftest.cc
configure:33371: $? = 0
configure:33391: result: yes
configure:33426: checking for ctime
configure:33433: result: yes
configure:33639: checking cstddef usability
configure:33651: clang++ -c -O3 -pipe -DNDEBUG -Wparentheses -Wreturn-type -Wcast-qual -Wall -Wpointer-arith -Wwrite-strings -Wconversion -Wno-unknown-pragmas -Wno-long-long   -DIPOPT_BUILD  conftest.cc >&5
configure:33657: $? = 0
configure:33661: test -z 
			 || test ! -s conftest.err
configure:33664: $? = 0
configure:33667: test -s conftest.o
configure:33670: $? = 0
configure:33680: result: yes
configure:33684: checking cstddef presence
configure:33694: clang++ -E  conftest.cc
configure:33700: $? = 0
configure:33720: result: yes
configure:33755: checking for cstddef
configure:33762: result: yes
configure:33973: checking for cmath
configure:33978: result: yes
configure:34302: checking for cfloat
configure:34307: result: yes
configure:34640: checking cieeefp usability
configure:34652: clang++ -c -O3 -pipe -DNDEBUG -Wparentheses -Wreturn-type -Wcast-qual -Wall -Wpointer-arith -Wwrite-strings -Wconversion -Wno-unknown-pragmas -Wno-long-long   -DIPOPT_BUILD  conftest.cc >&5
conftest.cc:84:10: fatal error: 'cieeefp' file not found
#include <cieeefp>
         ^~~~~~~~~
1 error generated.
configure:34658: $? = 1
configure: failed program was:
| /* confdefs.h.  */
| 
| #define PACKAGE_NAME "Ipopt"
| #define PACKAGE_TARNAME "ipopt"
| #define PACKAGE_VERSION "3.12.5"
| #define PACKAGE_STRING "Ipopt 3.12.5"
| #define PACKAGE_BUGREPORT "http://projects.coin-or.org/Ipopt/newticket"
| #define IPOPT_VERSION "3.12.5"
| #define IPOPT_VERSION_MAJOR 3
| #define IPOPT_VERSION_MINOR 12
| #define IPOPT_VERSION_RELEASE 5
| #define COIN_IPOPT_VERBOSITY 0
| #define COIN_IPOPT_CHECKLEVEL 0
| #ifdef __cplusplus
| extern "C" void exit (int);
| #endif
| #define F77_FUNC(name,NAME) name ## _
| #define F77_FUNC_(name,NAME) name ## _
| #define PACKAGE "ipopt"
| #define VERSION "3.12.5"
| #define STDC_HEADERS 1
| #define HAVE_SYS_TYPES_H 1
| #define HAVE_SYS_STAT_H 1
| #define HAVE_STDLIB_H 1
| #define HAVE_STRING_H 1
| #define HAVE_MEMORY_H 1
| #define HAVE_STRINGS_H 1
| #define HAVE_INTTYPES_H 1
| #define HAVE_STDINT_H 1
| #define HAVE_UNISTD_H 1
| #define HAVE_DLFCN_H 1
| #define COIN_HAS_BLAS 1
| #define COIN_HAS_LAPACK 1
| #define COIN_HAS_ASL 1
| #define COIN_HAS_HSL 1
| #define SIZEOF_INT_P 8
| #define HAVE_CMATH 1
| #define HAVE_CCTYPE 1
| #define HAVE_CASSERT 1
| #define HAVE_CSTDIO 1
| #define HAVE_CSTDLIB 1
| #define HAVE_CSTDARG 1
| #define HAVE_CSTRING 1
| #define HAVE_CFLOAT 1
| #define HAVE_CTIME 1
| #define HAVE_CSTDDEF 1
| #define HAVE_CMATH 1
| #define HAVE_CFLOAT 1
| /* end confdefs.h.  */
| #include <stdio.h>
| #if HAVE_SYS_TYPES_H
| # include <sys/types.h>
| #endif
| #if HAVE_SYS_STAT_H
| # include <sys/stat.h>
| #endif
| #if STDC_HEADERS
| # include <stdlib.h>
| # include <stddef.h>
| #else
| # if HAVE_STDLIB_H
| #  include <stdlib.h>
| # endif
| #endif
| #if HAVE_STRING_H
| # if !STDC_HEADERS && HAVE_MEMORY_H
| #  include <memory.h>
| # endif
| # include <string.h>
| #endif
| #if HAVE_STRINGS_H
| # include <strings.h>
| #endif
| #if HAVE_INTTYPES_H
| # include <inttypes.h>
| #else
| # if HAVE_STDINT_H
| #  include <stdint.h>
| # endif
| #endif
| #if HAVE_UNISTD_H
| # include <unistd.h>
| #endif
| #include <cieeefp>
configure:34681: result: no
configure:34685: checking cieeefp presence
configure:34695: clang++ -E  conftest.cc
conftest.cc:50:10: fatal error: 'cieeefp' file not found
#include <cieeefp>
         ^~~~~~~~~
1 error generated.
configure:34701: $? = 1
configure: failed program was:
| /* confdefs.h.  */
| 
| #define PACKAGE_NAME "Ipopt"
| #define PACKAGE_TARNAME "ipopt"
| #define PACKAGE_VERSION "3.12.5"
| #define PACKAGE_STRING "Ipopt 3.12.5"
| #define PACKAGE_BUGREPORT "http://projects.coin-or.org/Ipopt/newticket"
| #define IPOPT_VERSION "3.12.5"
| #define IPOPT_VERSION_MAJOR 3
| #define IPOPT_VERSION_MINOR 12
| #define IPOPT_VERSION_RELEASE 5
| #define COIN_IPOPT_VERBOSITY 0
| #define COIN_IPOPT_CHECKLEVEL 0
| #ifdef __cplusplus
| extern "C" void exit (int);
| #endif
| #define F77_FUNC(name,NAME) name ## _
| #define F77_FUNC_(name,NAME) name ## _
| #define PACKAGE "ipopt"
| #define VERSION "3.12.5"
| #define STDC_HEADERS 1
| #define HAVE_SYS_TYPES_H 1
| #define HAVE_SYS_STAT_H 1
| #define HAVE_STDLIB_H 1
| #define HAVE_STRING_H 1
| #define HAVE_MEMORY_H 1
| #define HAVE_STRINGS_H 1
| #define HAVE_INTTYPES_H 1
| #define HAVE_STDINT_H 1
| #define HAVE_UNISTD_H 1
| #define HAVE_DLFCN_H 1
| #define COIN_HAS_BLAS 1
| #define COIN_HAS_LAPACK 1
| #define COIN_HAS_ASL 1
| #define COIN_HAS_HSL 1
| #define SIZEOF_INT_P 8
| #define HAVE_CMATH 1
| #define HAVE_CCTYPE 1
| #define HAVE_CASSERT 1
| #define HAVE_CSTDIO 1
| #define HAVE_CSTDLIB 1
| #define HAVE_CSTDARG 1
| #define HAVE_CSTRING 1
| #define HAVE_CFLOAT 1
| #define HAVE_CTIME 1
| #define HAVE_CSTDDEF 1
| #define HAVE_CMATH 1
| #define HAVE_CFLOAT 1
| /* end confdefs.h.  */
| #include <cieeefp>
configure:34721: result: no
configure:34756: checking for cieeefp
configure:34763: result: no
configure:34798: checking ieeefp.h usability
configure:34810: clang++ -c -O3 -pipe -DNDEBUG -Wparentheses -Wreturn-type -Wcast-qual -Wall -Wpointer-arith -Wwrite-strings -Wconversion -Wno-unknown-pragmas -Wno-long-long   -DIPOPT_BUILD  conftest.cc >&5
conftest.cc:84:10: fatal error: 'ieeefp.h' file not found
#include <ieeefp.h>
         ^~~~~~~~~~
1 error generated.
configure:34816: $? = 1
configure: failed program was:
| /* confdefs.h.  */
| 
| #define PACKAGE_NAME "Ipopt"
| #define PACKAGE_TARNAME "ipopt"
| #define PACKAGE_VERSION "3.12.5"
| #define PACKAGE_STRING "Ipopt 3.12.5"
| #define PACKAGE_BUGREPORT "http://projects.coin-or.org/Ipopt/newticket"
| #define IPOPT_VERSION "3.12.5"
| #define IPOPT_VERSION_MAJOR 3
| #define IPOPT_VERSION_MINOR 12
| #define IPOPT_VERSION_RELEASE 5
| #define COIN_IPOPT_VERBOSITY 0
| #define COIN_IPOPT_CHECKLEVEL 0
| #ifdef __cplusplus
| extern "C" void exit (int);
| #endif
| #define F77_FUNC(name,NAME) name ## _
| #define F77_FUNC_(name,NAME) name ## _
| #define PACKAGE "ipopt"
| #define VERSION "3.12.5"
| #define STDC_HEADERS 1
| #define HAVE_SYS_TYPES_H 1
| #define HAVE_SYS_STAT_H 1
| #define HAVE_STDLIB_H 1
| #define HAVE_STRING_H 1
| #define HAVE_MEMORY_H 1
| #define HAVE_STRINGS_H 1
| #define HAVE_INTTYPES_H 1
| #define HAVE_STDINT_H 1
| #define HAVE_UNISTD_H 1
| #define HAVE_DLFCN_H 1
| #define COIN_HAS_BLAS 1
| #define COIN_HAS_LAPACK 1
| #define COIN_HAS_ASL 1
| #define COIN_HAS_HSL 1
| #define SIZEOF_INT_P 8
| #define HAVE_CMATH 1
| #define HAVE_CCTYPE 1
| #define HAVE_CASSERT 1
| #define HAVE_CSTDIO 1
| #define HAVE_CSTDLIB 1
| #define HAVE_CSTDARG 1
| #define HAVE_CSTRING 1
| #define HAVE_CFLOAT 1
| #define HAVE_CTIME 1
| #define HAVE_CSTDDEF 1
| #define HAVE_CMATH 1
| #define HAVE_CFLOAT 1
| /* end confdefs.h.  */
| #include <stdio.h>
| #if HAVE_SYS_TYPES_H
| # include <sys/types.h>
| #endif
| #if HAVE_SYS_STAT_H
| # include <sys/stat.h>
| #endif
| #if STDC_HEADERS
| # include <stdlib.h>
| # include <stddef.h>
| #else
| # if HAVE_STDLIB_H
| #  include <stdlib.h>
| # endif
| #endif
| #if HAVE_STRING_H
| # if !STDC_HEADERS && HAVE_MEMORY_H
| #  include <memory.h>
| # endif
| # include <string.h>
| #endif
| #if HAVE_STRINGS_H
| # include <strings.h>
| #endif
| #if HAVE_INTTYPES_H
| # include <inttypes.h>
| #else
| # if HAVE_STDINT_H
| #  include <stdint.h>
| # endif
| #endif
| #if HAVE_UNISTD_H
| # include <unistd.h>
| #endif
| #include <ieeefp.h>
configure:34839: result: no
configure:34843: checking ieeefp.h presence
configure:34853: clang++ -E  conftest.cc
conftest.cc:50:10: fatal error: 'ieeefp.h' file not found
#include <ieeefp.h>
         ^~~~~~~~~~
1 error generated.
configure:34859: $? = 1
configure: failed program was:
| /* confdefs.h.  */
| 
| #define PACKAGE_NAME "Ipopt"
| #define PACKAGE_TARNAME "ipopt"
| #define PACKAGE_VERSION "3.12.5"
| #define PACKAGE_STRING "Ipopt 3.12.5"
| #define PACKAGE_BUGREPORT "http://projects.coin-or.org/Ipopt/newticket"
| #define IPOPT_VERSION "3.12.5"
| #define IPOPT_VERSION_MAJOR 3
| #define IPOPT_VERSION_MINOR 12
| #define IPOPT_VERSION_RELEASE 5
| #define COIN_IPOPT_VERBOSITY 0
| #define COIN_IPOPT_CHECKLEVEL 0
| #ifdef __cplusplus
| extern "C" void exit (int);
| #endif
| #define F77_FUNC(name,NAME) name ## _
| #define F77_FUNC_(name,NAME) name ## _
| #define PACKAGE "ipopt"
| #define VERSION "3.12.5"
| #define STDC_HEADERS 1
| #define HAVE_SYS_TYPES_H 1
| #define HAVE_SYS_STAT_H 1
| #define HAVE_STDLIB_H 1
| #define HAVE_STRING_H 1
| #define HAVE_MEMORY_H 1
| #define HAVE_STRINGS_H 1
| #define HAVE_INTTYPES_H 1
| #define HAVE_STDINT_H 1
| #define HAVE_UNISTD_H 1
| #define HAVE_DLFCN_H 1
| #define COIN_HAS_BLAS 1
| #define COIN_HAS_LAPACK 1
| #define COIN_HAS_ASL 1
| #define COIN_HAS_HSL 1
| #define SIZEOF_INT_P 8
| #define HAVE_CMATH 1
| #define HAVE_CCTYPE 1
| #define HAVE_CASSERT 1
| #define HAVE_CSTDIO 1
| #define HAVE_CSTDLIB 1
| #define HAVE_CSTDARG 1
| #define HAVE_CSTRING 1
| #define HAVE_CFLOAT 1
| #define HAVE_CTIME 1
| #define HAVE_CSTDDEF 1
| #define HAVE_CMATH 1
| #define HAVE_CFLOAT 1
| /* end confdefs.h.  */
| #include <ieeefp.h>
configure:34879: result: no
configure:34914: checking for ieeefp.h
configure:34921: result: no
configure:34945: checking whether isfinite is declared
configure:34999: clang++ -c -O3 -pipe -DNDEBUG -Wparentheses -Wreturn-type -Wcast-qual -Wall -Wpointer-arith -Wwrite-strings -Wconversion -Wno-unknown-pragmas -Wno-long-long   -DIPOPT_BUILD  conftest.cc >&5
conftest.cc:85:22: error: address of overloaded function 'isfinite' does not match required type 'char'
  char *p = (char *) isfinite;
                     ^~~~~~~~
/Applications/Xcode.app/Contents/Developer/Toolchains/XcodeDefault.xctoolchain/usr/include/c++/v1/math.h:439:1: note: candidate template ignored: could not match 'typename std::enable_if<std::is_arithmetic<_A1>::value && std::numeric_limits<_A1>::has_infinity, bool>::type (_A1) throw()' against 'char'
isfinite(_A1 __lcpp_x) _NOEXCEPT
^
/Applications/Xcode.app/Contents/Developer/Toolchains/XcodeDefault.xctoolchain/usr/include/c++/v1/math.h:449:1: note: candidate template ignored: could not match 'typename std::enable_if<std::is_arithmetic<_A1>::value && !std::numeric_limits<_A1>::has_infinity, bool>::type (_A1) throw()' against 'char'
isfinite(_A1) _NOEXCEPT
^
1 error generated.
configure:35005: $? = 1
configure: failed program was:
| /* confdefs.h.  */
| 
| #define PACKAGE_NAME "Ipopt"
| #define PACKAGE_TARNAME "ipopt"
| #define PACKAGE_VERSION "3.12.5"
| #define PACKAGE_STRING "Ipopt 3.12.5"
| #define PACKAGE_BUGREPORT "http://projects.coin-or.org/Ipopt/newticket"
| #define IPOPT_VERSION "3.12.5"
| #define IPOPT_VERSION_MAJOR 3
| #define IPOPT_VERSION_MINOR 12
| #define IPOPT_VERSION_RELEASE 5
| #define COIN_IPOPT_VERBOSITY 0
| #define COIN_IPOPT_CHECKLEVEL 0
| #ifdef __cplusplus
| extern "C" void exit (int);
| #endif
| #define F77_FUNC(name,NAME) name ## _
| #define F77_FUNC_(name,NAME) name ## _
| #define PACKAGE "ipopt"
| #define VERSION "3.12.5"
| #define STDC_HEADERS 1
| #define HAVE_SYS_TYPES_H 1
| #define HAVE_SYS_STAT_H 1
| #define HAVE_STDLIB_H 1
| #define HAVE_STRING_H 1
| #define HAVE_MEMORY_H 1
| #define HAVE_STRINGS_H 1
| #define HAVE_INTTYPES_H 1
| #define HAVE_STDINT_H 1
| #define HAVE_UNISTD_H 1
| #define HAVE_DLFCN_H 1
| #define COIN_HAS_BLAS 1
| #define COIN_HAS_LAPACK 1
| #define COIN_HAS_ASL 1
| #define COIN_HAS_HSL 1
| #define SIZEOF_INT_P 8
| #define HAVE_CMATH 1
| #define HAVE_CCTYPE 1
| #define HAVE_CASSERT 1
| #define HAVE_CSTDIO 1
| #define HAVE_CSTDLIB 1
| #define HAVE_CSTDARG 1
| #define HAVE_CSTRING 1
| #define HAVE_CFLOAT 1
| #define HAVE_CTIME 1
| #define HAVE_CSTDDEF 1
| #define HAVE_CMATH 1
| #define HAVE_CFLOAT 1
| /* end confdefs.h.  */
| 
| #ifdef HAVE_CMATH
| # include <cmath>
| #else
| # ifdef HAVE_MATH_H
| #  include <math.h>
| # endif
| #endif
| #ifdef HAVE_CFLOAT
| # include <cfloat>
| #else
| # ifdef HAVE_FLOAT_H
| #  include <float.h>
| # endif
| #endif
| #ifdef HAVE_CIEEEFP
| # include <cieeefp>
| #else
| # ifdef HAVE_IEEEFP_H
| #  include <ieeefp.h>
| # endif
| #endif
| 
| #ifdef F77_DUMMY_MAIN
| 
| #  ifdef __cplusplus
|      extern "C"
| #  endif
|    int F77_DUMMY_MAIN() { return 1; }
| 
| #endif
| int
| main ()
| {
| #ifndef isfinite
|   char *p = (char *) isfinite;
| #endif
| 
|   ;
|   return 0;
| }
configure:35029: result: no
configure:35036: checking whether finite is declared
configure:35090: clang++ -c -O3 -pipe -DNDEBUG -Wparentheses -Wreturn-type -Wcast-qual -Wall -Wpointer-arith -Wwrite-strings -Wconversion -Wno-unknown-pragmas -Wno-long-long   -DIPOPT_BUILD  conftest.cc >&5
conftest.cc:85:22: warning: 'finite' is deprecated: first deprecated in macOS 10.9 - Use `isfinite((double)x)` instead. [-Wdeprecated-declarations]
  char *p = (char *) finite;
                     ^
/Applications/Xcode.app/Contents/Developer/Platforms/MacOSX.platform/Developer/SDKs/MacOSX10.14.sdk/usr/include/math.h:749:12: note: 'finite' has been explicitly marked deprecated here
extern int finite(double)
           ^
conftest.cc:85:9: warning: unused variable 'p' [-Wunused-variable]
  char *p = (char *) finite;
        ^
2 warnings generated.
configure:35096: $? = 0
configure:35100: test -z 
			 || test ! -s conftest.err
configure:35103: $? = 0
configure:35106: test -s conftest.o
configure:35109: $? = 0
configure:35120: result: yes
configure:35242: checking whether va_copy is declared
configure:35282: clang++ -c -O3 -pipe -DNDEBUG -Wparentheses -Wreturn-type -Wcast-qual -Wall -Wpointer-arith -Wwrite-strings -Wconversion -Wno-unknown-pragmas -Wno-long-long   -DIPOPT_BUILD  conftest.cc >&5
configure:35288: $? = 0
configure:35292: test -z 
			 || test ! -s conftest.err
configure:35295: $? = 0
configure:35298: test -s conftest.o
configure:35301: $? = 0
configure:35312: result: yes
configure:35327: checking whether drand48 is declared
configure:35368: clang++ -c -O3 -pipe -DNDEBUG -Wparentheses -Wreturn-type -Wcast-qual -Wall -Wpointer-arith -Wwrite-strings -Wconversion -Wno-unknown-pragmas -Wno-long-long   -DIPOPT_BUILD  conftest.cc >&5
conftest.cc:74:9: warning: unused variable 'p' [-Wunused-variable]
  char *p = (char *) drand48;
        ^
1 warning generated.
configure:35374: $? = 0
configure:35378: test -z 
			 || test ! -s conftest.err
configure:35381: $? = 0
configure:35384: test -s conftest.o
configure:35387: $? = 0
configure:35398: result: yes
configure:35409: checking whether rand is declared
configure:35450: clang++ -c -O3 -pipe -DNDEBUG -Wparentheses -Wreturn-type -Wcast-qual -Wall -Wpointer-arith -Wwrite-strings -Wconversion -Wno-unknown-pragmas -Wno-long-long   -DIPOPT_BUILD  conftest.cc >&5
conftest.cc:75:9: warning: unused variable 'p' [-Wunused-variable]
  char *p = (char *) rand;
        ^
1 warning generated.
configure:35456: $? = 0
configure:35460: test -z 
			 || test ! -s conftest.err
configure:35463: $? = 0
configure:35466: test -s conftest.o
configure:35469: $? = 0
configure:35480: result: yes
configure:35491: checking whether srand is declared
configure:35532: clang++ -c -O3 -pipe -DNDEBUG -Wparentheses -Wreturn-type -Wcast-qual -Wall -Wpointer-arith -Wwrite-strings -Wconversion -Wno-unknown-pragmas -Wno-long-long   -DIPOPT_BUILD  conftest.cc >&5
conftest.cc:76:9: warning: unused variable 'p' [-Wunused-variable]
  char *p = (char *) srand;
        ^
1 warning generated.
configure:35538: $? = 0
configure:35542: test -z 
			 || test ! -s conftest.err
configure:35545: $? = 0
configure:35548: test -s conftest.o
configure:35551: $? = 0
configure:35562: result: yes
configure:35596: checking whether MA28 is available with HSL
configure:35627: clang -E  -I/Users/tmpethick/GoogleDrive/dtu/10-EPFL/thesis/thesis-code/pyipopt/Ipopt-3.12.5/ThirdParty/HSL -I/Users/tmpethick/GoogleDrive/dtu/10-EPFL/thesis/thesis-code/pyipopt/Ipopt-3.12.5/build/ThirdParty/HSL -I/Users/tmpethick/GoogleDrive/dtu/10-EPFL/thesis/thesis-code/pyipopt/Ipopt-3.12.5/ThirdParty/Metis/metis-4.0/Lib conftest.c
configure:35633: $? = 0
configure:35645: result: yes
configure:35703: checking whether MKL is being used
configure:35711: gfortran -o conftest -O3 -pipe    conftest.f  -framework Accelerate -framework Accelerate >&5
Undefined symbols for architecture x86_64:
  "_mkl_get_version_string_", referenced from:
      _main in ccldicPB.o
ld: symbol(s) not found for architecture x86_64
collect2: error: ld returned 1 exit status
configure:35717: $? = 1
configure: failed program was:
|       program main
|       call mkl_get_version_string()
|       end
configure:35739: result: no
configure:36022: checking for MPI_Initialized
configure:36087: clang++ -o conftest -O3 -pipe -DNDEBUG -Wparentheses -Wreturn-type -Wcast-qual -Wall -Wpointer-arith -Wwrite-strings -Wconversion -Wno-unknown-pragmas -Wno-long-long   -DIPOPT_BUILD   conftest.cc  >&5
Undefined symbols for architecture x86_64:
  "_MPI_Initialized", referenced from:
      _main in conftest-313217.o
      _f in conftest-313217.o
ld: symbol(s) not found for architecture x86_64
clang: error: linker command failed with exit code 1 (use -v to see invocation)
configure:36093: $? = 1
configure: failed program was:
| /* confdefs.h.  */
| 
| #define PACKAGE_NAME "Ipopt"
| #define PACKAGE_TARNAME "ipopt"
| #define PACKAGE_VERSION "3.12.5"
| #define PACKAGE_STRING "Ipopt 3.12.5"
| #define PACKAGE_BUGREPORT "http://projects.coin-or.org/Ipopt/newticket"
| #define IPOPT_VERSION "3.12.5"
| #define IPOPT_VERSION_MAJOR 3
| #define IPOPT_VERSION_MINOR 12
| #define IPOPT_VERSION_RELEASE 5
| #define COIN_IPOPT_VERBOSITY 0
| #define COIN_IPOPT_CHECKLEVEL 0
| #ifdef __cplusplus
| extern "C" void exit (int);
| #endif
| #define F77_FUNC(name,NAME) name ## _
| #define F77_FUNC_(name,NAME) name ## _
| #define PACKAGE "ipopt"
| #define VERSION "3.12.5"
| #define STDC_HEADERS 1
| #define HAVE_SYS_TYPES_H 1
| #define HAVE_SYS_STAT_H 1
| #define HAVE_STDLIB_H 1
| #define HAVE_STRING_H 1
| #define HAVE_MEMORY_H 1
| #define HAVE_STRINGS_H 1
| #define HAVE_INTTYPES_H 1
| #define HAVE_STDINT_H 1
| #define HAVE_UNISTD_H 1
| #define HAVE_DLFCN_H 1
| #define COIN_HAS_BLAS 1
| #define COIN_HAS_LAPACK 1
| #define COIN_HAS_ASL 1
| #define COIN_HAS_HSL 1
| #define SIZEOF_INT_P 8
| #define HAVE_CMATH 1
| #define HAVE_CCTYPE 1
| #define HAVE_CASSERT 1
| #define HAVE_CSTDIO 1
| #define HAVE_CSTDLIB 1
| #define HAVE_CSTDARG 1
| #define HAVE_CSTRING 1
| #define HAVE_CFLOAT 1
| #define HAVE_CTIME 1
| #define HAVE_CSTDDEF 1
| #define HAVE_CMATH 1
| #define HAVE_CFLOAT 1
| #define COIN_C_FINITE finite
| #define HAVE_VA_COPY 1
| #define HAVE_DRAND48 1
| #define HAVE_RAND 1
| #define HAVE_STD__RAND 1
| /* end confdefs.h.  */
| /* Define MPI_Initialized to an innocuous variant, in case <limits.h> declares MPI_Initialized.
|    For example, HP-UX 11i <limits.h> declares gettimeofday.  */
| #define MPI_Initialized innocuous_MPI_Initialized
| 
| /* System header to define __stub macros and hopefully few prototypes,
|     which can conflict with char MPI_Initialized (); below.
|     Prefer <limits.h> to <assert.h> if __STDC__ is defined, since
|     <limits.h> exists even on freestanding compilers.  */
| 
| #ifdef __STDC__
| # include <limits.h>
| #else
| # include <assert.h>
| #endif
| 
| #undef MPI_Initialized
| 
| /* Override any gcc2 internal prototype to avoid an error.  */
| #ifdef __cplusplus
| extern "C"
| {
| #endif
| /* We use char because int might match the return type of a gcc2
|    builtin and then its argument prototype would still apply.  */
| char MPI_Initialized ();
| /* The GNU C library defines this for functions which it implements
|     to always fail with ENOSYS.  Some functions are actually named
|     something starting with __ and the normal name is an alias.  */
| #if defined (__stub_MPI_Initialized) || defined (__stub___MPI_Initialized)
| choke me
| #else
| char (*f) () = MPI_Initialized;
| #endif
| #ifdef __cplusplus
| }
| #endif
| 
| #ifdef F77_DUMMY_MAIN
| 
| #  ifdef __cplusplus
|      extern "C"
| #  endif
|    int F77_DUMMY_MAIN() { return 1; }
| 
| #endif
| int
| main ()
| {
| return f != MPI_Initialized;
|   ;
|   return 0;
| }
configure:36118: result: no
configure:36302: checking whether this is a VPATH configuration
configure:36309: result: yes
configure:36331: checking for matlab installation
configure:36392: result: no
configure:36599: checking whether the linear solver loader should be compiled
configure:36601: result: yes
configure:36683: checking windows.h usability
configure:36695: clang -c -O3 -pipe -DNDEBUG -Wimplicit -Wparentheses -Wsequence-point -Wreturn-type -Wcast-qual -Wall -Wno-unknown-pragmas -Wno-long-long   -DIPOPT_BUILD  conftest.c >&5
conftest.c:91:10: fatal error: 'windows.h' file not found
#include <windows.h>
         ^~~~~~~~~~~
1 error generated.
configure:36701: $? = 1
configure: failed program was:
| /* confdefs.h.  */
| 
| #define PACKAGE_NAME "Ipopt"
| #define PACKAGE_TARNAME "ipopt"
| #define PACKAGE_VERSION "3.12.5"
| #define PACKAGE_STRING "Ipopt 3.12.5"
| #define PACKAGE_BUGREPORT "http://projects.coin-or.org/Ipopt/newticket"
| #define IPOPT_VERSION "3.12.5"
| #define IPOPT_VERSION_MAJOR 3
| #define IPOPT_VERSION_MINOR 12
| #define IPOPT_VERSION_RELEASE 5
| #define COIN_IPOPT_VERBOSITY 0
| #define COIN_IPOPT_CHECKLEVEL 0
| #ifdef __cplusplus
| extern "C" void exit (int);
| #endif
| #define F77_FUNC(name,NAME) name ## _
| #define F77_FUNC_(name,NAME) name ## _
| #define PACKAGE "ipopt"
| #define VERSION "3.12.5"
| #define STDC_HEADERS 1
| #define HAVE_SYS_TYPES_H 1
| #define HAVE_SYS_STAT_H 1
| #define HAVE_STDLIB_H 1
| #define HAVE_STRING_H 1
| #define HAVE_MEMORY_H 1
| #define HAVE_STRINGS_H 1
| #define HAVE_INTTYPES_H 1
| #define HAVE_STDINT_H 1
| #define HAVE_UNISTD_H 1
| #define HAVE_DLFCN_H 1
| #define COIN_HAS_BLAS 1
| #define COIN_HAS_LAPACK 1
| #define COIN_HAS_ASL 1
| #define COIN_HAS_HSL 1
| #define SIZEOF_INT_P 8
| #define HAVE_CMATH 1
| #define HAVE_CCTYPE 1
| #define HAVE_CASSERT 1
| #define HAVE_CSTDIO 1
| #define HAVE_CSTDLIB 1
| #define HAVE_CSTDARG 1
| #define HAVE_CSTRING 1
| #define HAVE_CFLOAT 1
| #define HAVE_CTIME 1
| #define HAVE_CSTDDEF 1
| #define HAVE_CMATH 1
| #define HAVE_CFLOAT 1
| #define COIN_C_FINITE finite
| #define HAVE_VA_COPY 1
| #define HAVE_DRAND48 1
| #define HAVE_RAND 1
| #define HAVE_STD__RAND 1
| #define FORTRAN_INTEGER_TYPE int
| #define HAVE_LINEARSOLVERLOADER 1
| /* end confdefs.h.  */
| #include <stdio.h>
| #if HAVE_SYS_TYPES_H
| # include <sys/types.h>
| #endif
| #if HAVE_SYS_STAT_H
| # include <sys/stat.h>
| #endif
| #if STDC_HEADERS
| # include <stdlib.h>
| # include <stddef.h>
| #else
| # if HAVE_STDLIB_H
| #  include <stdlib.h>
| # endif
| #endif
| #if HAVE_STRING_H
| # if !STDC_HEADERS && HAVE_MEMORY_H
| #  include <memory.h>
| # endif
| # include <string.h>
| #endif
| #if HAVE_STRINGS_H
| # include <strings.h>
| #endif
| #if HAVE_INTTYPES_H
| # include <inttypes.h>
| #else
| # if HAVE_STDINT_H
| #  include <stdint.h>
| # endif
| #endif
| #if HAVE_UNISTD_H
| # include <unistd.h>
| #endif
| #include <windows.h>
configure:36724: result: no
configure:36728: checking windows.h presence
configure:36738: clang -E  conftest.c
conftest.c:57:10: fatal error: 'windows.h' file not found
#include <windows.h>
         ^~~~~~~~~~~
1 error generated.
configure:36744: $? = 1
configure: failed program was:
| /* confdefs.h.  */
| 
| #define PACKAGE_NAME "Ipopt"
| #define PACKAGE_TARNAME "ipopt"
| #define PACKAGE_VERSION "3.12.5"
| #define PACKAGE_STRING "Ipopt 3.12.5"
| #define PACKAGE_BUGREPORT "http://projects.coin-or.org/Ipopt/newticket"
| #define IPOPT_VERSION "3.12.5"
| #define IPOPT_VERSION_MAJOR 3
| #define IPOPT_VERSION_MINOR 12
| #define IPOPT_VERSION_RELEASE 5
| #define COIN_IPOPT_VERBOSITY 0
| #define COIN_IPOPT_CHECKLEVEL 0
| #ifdef __cplusplus
| extern "C" void exit (int);
| #endif
| #define F77_FUNC(name,NAME) name ## _
| #define F77_FUNC_(name,NAME) name ## _
| #define PACKAGE "ipopt"
| #define VERSION "3.12.5"
| #define STDC_HEADERS 1
| #define HAVE_SYS_TYPES_H 1
| #define HAVE_SYS_STAT_H 1
| #define HAVE_STDLIB_H 1
| #define HAVE_STRING_H 1
| #define HAVE_MEMORY_H 1
| #define HAVE_STRINGS_H 1
| #define HAVE_INTTYPES_H 1
| #define HAVE_STDINT_H 1
| #define HAVE_UNISTD_H 1
| #define HAVE_DLFCN_H 1
| #define COIN_HAS_BLAS 1
| #define COIN_HAS_LAPACK 1
| #define COIN_HAS_ASL 1
| #define COIN_HAS_HSL 1
| #define SIZEOF_INT_P 8
| #define HAVE_CMATH 1
| #define HAVE_CCTYPE 1
| #define HAVE_CASSERT 1
| #define HAVE_CSTDIO 1
| #define HAVE_CSTDLIB 1
| #define HAVE_CSTDARG 1
| #define HAVE_CSTRING 1
| #define HAVE_CFLOAT 1
| #define HAVE_CTIME 1
| #define HAVE_CSTDDEF 1
| #define HAVE_CMATH 1
| #define HAVE_CFLOAT 1
| #define COIN_C_FINITE finite
| #define HAVE_VA_COPY 1
| #define HAVE_DRAND48 1
| #define HAVE_RAND 1
| #define HAVE_STD__RAND 1
| #define FORTRAN_INTEGER_TYPE int
| #define HAVE_LINEARSOLVERLOADER 1
| /* end confdefs.h.  */
| #include <windows.h>
configure:36764: result: no
configure:36799: checking for windows.h
configure:36806: result: no
configure:36840: checking dlfcn.h usability
configure:36852: clang -c -O3 -pipe -DNDEBUG -Wimplicit -Wparentheses -Wsequence-point -Wreturn-type -Wcast-qual -Wall -Wno-unknown-pragmas -Wno-long-long   -DIPOPT_BUILD  conftest.c >&5
configure:36858: $? = 0
configure:36862: test -z 
			 || test ! -s conftest.err
configure:36865: $? = 0
configure:36868: test -s conftest.o
configure:36871: $? = 0
configure:36881: result: yes
configure:36885: checking dlfcn.h presence
configure:36895: clang -E  conftest.c
configure:36901: $? = 0
configure:36921: result: yes
configure:36956: checking for dlfcn.h
configure:36963: result: yes
configure:36977: checking for dlopen in -ldl
configure:37015: clang -o conftest -O3 -pipe -DNDEBUG -Wimplicit -Wparentheses -Wsequence-point -Wreturn-type -Wcast-qual -Wall -Wno-unknown-pragmas -Wno-long-long   -DIPOPT_BUILD   conftest.c -ldl   >&5
configure:37021: $? = 0
configure:37025: test -z 
			 || test ! -s conftest.err
configure:37028: $? = 0
configure:37031: test -s conftest
configure:37034: $? = 0
configure:37047: result: yes
configure:37089: checking for snprintf
configure:37154: clang -o conftest -O3 -pipe -DNDEBUG -Wimplicit -Wparentheses -Wsequence-point -Wreturn-type -Wcast-qual -Wall -Wno-unknown-pragmas -Wno-long-long   -DIPOPT_BUILD   conftest.c  >&5
conftest.c:83:6: warning: incompatible redeclaration of library function 'snprintf' [-Wincompatible-library-redeclaration]
char snprintf ();
     ^
conftest.c:83:6: note: 'snprintf' is a builtin with type 'int (char *, unsigned long, const char *, ...)'
1 warning generated.
configure:37160: $? = 0
configure:37164: test -z 
			 || test ! -s conftest.err
configure:37167: $? = 0
configure:37170: test -s conftest
configure:37173: $? = 0
configure:37185: result: yes
configure:37200: checking for vsnprintf
configure:37265: clang -o conftest -O3 -pipe -DNDEBUG -Wimplicit -Wparentheses -Wsequence-point -Wreturn-type -Wcast-qual -Wall -Wno-unknown-pragmas -Wno-long-long   -DIPOPT_BUILD   conftest.c  >&5
conftest.c:84:6: warning: incompatible redeclaration of library function 'vsnprintf' [-Wincompatible-library-redeclaration]
char vsnprintf ();
     ^
conftest.c:84:6: note: 'vsnprintf' is a builtin with type 'int (char *, unsigned long, const char *, struct __va_list_tag *)'
1 warning generated.
configure:37271: $? = 0
configure:37275: test -z 
			 || test ! -s conftest.err
configure:37278: $? = 0
configure:37281: test -s conftest
configure:37284: $? = 0
configure:37296: result: yes
configure:38112: checking which command should be used to link input files
configure:38120: result: ln -s
configure:38510: creating ./config.status

## ---------------------- ##
## Running config.status. ##
## ---------------------- ##

This file was extended by Ipopt config.status 3.12.5, which was
generated by GNU Autoconf 2.59.  Invocation command line was

  CONFIG_FILES    = 
  CONFIG_HEADERS  = 
  CONFIG_LINKS    = 
  CONFIG_COMMANDS = 
  $ ./config.status 

on tsf-492-wpa-3-013.epfl.ch

config.status:935: creating Makefile
config.status:935: creating src/Common/Makefile
config.status:935: creating src/LinAlg/Makefile
config.status:935: creating src/LinAlg/TMatrices/Makefile
config.status:935: creating src/Interfaces/Makefile
config.status:935: creating src/Algorithm/Makefile
config.status:935: creating src/Algorithm/LinearSolvers/Makefile
config.status:935: creating src/Algorithm/Inexact/Makefile
config.status:935: creating src/contrib/CGPenalty/Makefile
config.status:935: creating src/contrib/LinearSolverLoader/Makefile
config.status:935: creating src/Apps/Makefile
config.status:935: creating src/Apps/AmplSolver/Makefile
config.status:935: creating src/Apps/CUTErInterface/Makefile
config.status:935: creating examples/hs071_f/Makefile
config.status:935: creating examples/hs071_f/hs071_f.f
config.status:935: creating examples/Cpp_example/Makefile
config.status:935: creating examples/hs071_cpp/Makefile
config.status:935: creating examples/hs071_c/Makefile
config.status:935: creating examples/ScalableProblems/Makefile
config.status:935: creating tutorial/CodingExercise/C/1-skeleton/Makefile
config.status:935: creating tutorial/CodingExercise/C/2-mistake/Makefile
config.status:935: creating tutorial/CodingExercise/C/3-solution/Makefile
config.status:935: creating tutorial/CodingExercise/Cpp/1-skeleton/Makefile
config.status:935: creating tutorial/CodingExercise/Cpp/2-mistake/Makefile
config.status:935: creating tutorial/CodingExercise/Cpp/3-solution/Makefile
config.status:935: creating tutorial/CodingExercise/Matlab/1-skeleton/startup.m
config.status:935: creating tutorial/CodingExercise/Matlab/2-mistake/startup.m
config.status:935: creating tutorial/CodingExercise/Matlab/3-solution/startup.m
config.status:935: creating tutorial/CodingExercise/Fortran/1-skeleton/TutorialFortran.f
config.status:935: creating tutorial/CodingExercise/Fortran/2-mistake/TutorialFortran.f
config.status:935: creating tutorial/CodingExercise/Fortran/3-solution/TutorialFortran.f
config.status:935: creating tutorial/CodingExercise/Fortran/1-skeleton/Makefile
config.status:935: creating tutorial/CodingExercise/Fortran/2-mistake/Makefile
config.status:935: creating tutorial/CodingExercise/Fortran/3-solution/Makefile
config.status:935: creating test/Makefile
config.status:935: creating test/run_unitTests
config.status:935: creating contrib/MatlabInterface/src/Makefile
config.status:935: creating contrib/MatlabInterface/examples/startup.m
config.status:935: creating contrib/JavaInterface/Makefile
config.status:935: creating contrib/sIPOPT/Makefile
config.status:935: creating contrib/sIPOPT/AmplSolver/Makefile
config.status:935: creating contrib/sIPOPT/examples/parametric_cpp/Makefile
config.status:935: creating contrib/sIPOPT/examples/parametric_dsdp_cpp/Makefile
config.status:935: creating contrib/sIPOPT/examples/redhess_cpp/Makefile
config.status:935: creating contrib/sIPOPT/src/Makefile
config.status:935: creating ipopt.pc
config.status:935: creating ipopt-uninstalled.pc
config.status:935: creating doxydoc/doxygen.conf
config.status:935: creating contrib/RInterface/src/Makevars
config.status:935: creating ipoptamplinterface.pc
config.status:935: creating ipoptamplinterface-uninstalled.pc
config.status:1032: creating src/Common/config.h
config.status:1032: creating src/Common/config_ipopt.h
config.status:1032: creating examples/ScalableProblems/config.h
config.status:1309: linking ../../Ipopt/examples/hs071_cpp/hs071_main.cpp to test/hs071_main.cpp
config.status:1309: linking ../../Ipopt/examples/hs071_cpp/hs071_nlp.cpp to test/hs071_nlp.cpp
config.status:1309: linking ../../Ipopt/examples/hs071_cpp/hs071_nlp.hpp to test/hs071_nlp.hpp
config.status:1309: linking ../../Ipopt/examples/hs071_c/hs071_c.c to test/hs071_c.c
config.status:1546: executing depfiles commands
configure:40185: Creating VPATH links for data files
configure:40233: In case of trouble, first consult the troubleshooting page at https://projects.coin-or.org/BuildTools/wiki/user-troubleshooting
configure:40236: Configuration of Ipopt successful

## ---------------- ##
## Cache variables. ##
## ---------------- ##

ac_cv_build=i386-apple-darwin18.0.0
ac_cv_build_alias=i386-apple-darwin18.0.0
ac_cv_c_compiler_gnu=yes
ac_cv_cxx_compiler_gnu=yes
ac_cv_env_ADD_CFLAGS_set=
ac_cv_env_ADD_CFLAGS_value=
ac_cv_env_ADD_CXXFLAGS_set=
ac_cv_env_ADD_CXXFLAGS_value=
ac_cv_env_ADD_FFLAGS_set=
ac_cv_env_ADD_FFLAGS_value=
ac_cv_env_CC_set=
ac_cv_env_CC_value=
ac_cv_env_CDEFS_set=
ac_cv_env_CDEFS_value=
ac_cv_env_CFLAGS_set=
ac_cv_env_CFLAGS_value=
ac_cv_env_CPPFLAGS_set=
ac_cv_env_CPPFLAGS_value=
ac_cv_env_CPP_set=
ac_cv_env_CPP_value=
ac_cv_env_CXXAR_set=
ac_cv_env_CXXAR_value=
ac_cv_env_CXXCPP_set=
ac_cv_env_CXXCPP_value=
ac_cv_env_CXXDEFS_set=
ac_cv_env_CXXDEFS_value=
ac_cv_env_CXXFLAGS_set=
ac_cv_env_CXXFLAGS_value=
ac_cv_env_CXXLIBS_set=
ac_cv_env_CXXLIBS_value=
ac_cv_env_CXX_set=
ac_cv_env_CXX_value=
ac_cv_env_DBG_CFLAGS_set=
ac_cv_env_DBG_CFLAGS_value=
ac_cv_env_DBG_CXXFLAGS_set=
ac_cv_env_DBG_CXXFLAGS_value=
ac_cv_env_DBG_FFLAGS_set=
ac_cv_env_DBG_FFLAGS_value=
ac_cv_env_F77_set=
ac_cv_env_F77_value=
ac_cv_env_FFLAGS_set=
ac_cv_env_FFLAGS_value=
ac_cv_env_LDFLAGS_set=
ac_cv_env_LDFLAGS_value=
ac_cv_env_MPICC_set=
ac_cv_env_MPICC_value=
ac_cv_env_MPICXX_set=
ac_cv_env_MPICXX_value=
ac_cv_env_MPIF77_set=
ac_cv_env_MPIF77_value=
ac_cv_env_OPT_CFLAGS_set=
ac_cv_env_OPT_CFLAGS_value=
ac_cv_env_OPT_CXXFLAGS_set=
ac_cv_env_OPT_CXXFLAGS_value=
ac_cv_env_OPT_FFLAGS_set=
ac_cv_env_OPT_FFLAGS_value=
ac_cv_env_PKG_CONFIG_set=
ac_cv_env_PKG_CONFIG_value=
ac_cv_env_build_alias_set=
ac_cv_env_build_alias_value=
ac_cv_env_host_alias_set=
ac_cv_env_host_alias_value=
ac_cv_env_target_alias_set=
ac_cv_env_target_alias_value=
ac_cv_exeext=
ac_cv_f77_compiler_gnu=yes
ac_cv_f77_dummy_main=none
ac_cv_f77_libs=' -L/usr/local/Cellar/gcc/7.2.0_1/lib/gcc/7/gcc/x86_64-apple-darwin16.7.0/7.2.0 -L/usr/local/Cellar/gcc/7.2.0_1/lib/gcc/7/gcc/x86_64-apple-darwin16.7.0/7.2.0/../../.. -lgfortran -lSystem -lquadmath -lm'
ac_cv_f77_mangling='lower case, underscore, no extra underscore'
ac_cv_fortran_dummy_main=none
ac_cv_func_MPI_Initialized=no
ac_cv_func_snprintf=yes
ac_cv_func_vsnprintf=yes
ac_cv_have_decl_drand48=yes
ac_cv_have_decl_finite=yes
ac_cv_have_decl_isfinite=no
ac_cv_have_decl_rand=yes
ac_cv_have_decl_srand=yes
ac_cv_have_decl_va_copy=yes
ac_cv_header_cassert=yes
ac_cv_header_cctype=yes
ac_cv_header_cfloat=yes
ac_cv_header_cieeefp=no
ac_cv_header_cmath=yes
ac_cv_header_cstdarg=yes
ac_cv_header_cstddef=yes
ac_cv_header_cstdio=yes
ac_cv_header_cstdlib=yes
ac_cv_header_cstring=yes
ac_cv_header_ctime=yes
ac_cv_header_dlfcn_h=yes
ac_cv_header_ieeefp_h=no
ac_cv_header_windows_h=no
ac_cv_lib_dl_dlopen=yes
ac_cv_objext=o
ac_cv_path_install='/usr/local/bin/ginstall -c'
ac_cv_prog_AWK=awk
ac_cv_prog_ac_ct_CC=clang
ac_cv_prog_ac_ct_CXX=clang++
ac_cv_prog_ac_ct_F77=gfortran
ac_cv_prog_ac_ct_PKG_CONFIG=pkg-config
ac_cv_prog_cc_g=yes
ac_cv_prog_cc_stdc=
ac_cv_prog_coin_doxy_usedot=YES
ac_cv_prog_coin_have_doxygen=no
ac_cv_prog_coin_have_latex=yes
ac_cv_prog_cxx_g=yes
ac_cv_prog_egrep='grep -E'
ac_cv_prog_f77_g=yes
ac_cv_prog_f77_v=-v
ac_cv_prog_have_svnversion=yes
ac_cv_prog_make_make_set=yes
ac_cv_sizeof_int_p=8
ac_cv_type_int_p=yes
am_cv_CC_dependencies_compiler_type=gcc3
am_cv_CXX_dependencies_compiler_type=gcc3

## ----------------- ##
## Output variables. ##
## ----------------- ##

ABSBUILDDIR='/Users/tmpethick/GoogleDrive/dtu/10-EPFL/thesis/thesis-code/pyipopt/Ipopt-3.12.5/build/Ipopt'
ACLOCAL='${SHELL} /Users/tmpethick/GoogleDrive/dtu/10-EPFL/thesis/thesis-code/pyipopt/Ipopt-3.12.5/Ipopt/missing --run aclocal-1.9'
ADD_CFLAGS=''
ADD_CXXFLAGS=''
ADD_FFLAGS=''
AIX_FIX_COMPILER_BUG_FALSE=''
AIX_FIX_COMPILER_BUG_TRUE='#'
ALWAYS_FALSE_FALSE=''
ALWAYS_FALSE_TRUE='#'
AMDEPBACKSLASH='\'
AMDEP_FALSE='#'
AMDEP_TRUE=''
AMTAR='${SHELL} /Users/tmpethick/GoogleDrive/dtu/10-EPFL/thesis/thesis-code/pyipopt/Ipopt-3.12.5/Ipopt/missing --run tar'
AR='ar'
ASL_CFLAGS='-I/Users/tmpethick/GoogleDrive/dtu/10-EPFL/thesis/thesis-code/pyipopt/Ipopt-3.12.5/build/ThirdParty/ASL -I/Users/tmpethick/GoogleDrive/dtu/10-EPFL/thesis/thesis-code/pyipopt/Ipopt-3.12.5/ThirdParty/ASL/solvers'
ASL_CFLAGS_INSTALLED=''
ASL_DATA=''
ASL_DATA_INSTALLED=''
ASL_DEPENDENCIES=' /Users/tmpethick/GoogleDrive/dtu/10-EPFL/thesis/thesis-code/pyipopt/Ipopt-3.12.5/build/ThirdParty/ASL/libcoinasl.la'
ASL_LIBS='/Users/tmpethick/GoogleDrive/dtu/10-EPFL/thesis/thesis-code/pyipopt/Ipopt-3.12.5/build/ThirdParty/ASL/libcoinasl.la -lm -ldl'
ASL_LIBS_INSTALLED=''
ASTYLE='astyle'
ASTYLEFLAGS='--mode=c --indent=spaces=2 --indent-cases --indent-namespaces --min-conditional-indent=1 --brackets=linux --brackets=break-closing --convert-tabs'
AUTOCONF='${SHELL} /Users/tmpethick/GoogleDrive/dtu/10-EPFL/thesis/thesis-code/pyipopt/Ipopt-3.12.5/Ipopt/missing --run autoconf'
AUTOHEADER='${SHELL} /Users/tmpethick/GoogleDrive/dtu/10-EPFL/thesis/thesis-code/pyipopt/Ipopt-3.12.5/Ipopt/missing --run autoheader'
AUTOMAKE='${SHELL} /Users/tmpethick/GoogleDrive/dtu/10-EPFL/thesis/thesis-code/pyipopt/Ipopt-3.12.5/Ipopt/missing --run automake-1.9'
AUX_DIR=''
AWK='awk'
BIT32FCOMMENT='C'
BIT64FCOMMENT=''
BITS_PER_POINTER='64'
BLAS_CFLAGS=''
BLAS_CFLAGS_INSTALLED=''
BLAS_DATA=''
BLAS_DATA_INSTALLED=''
BLAS_DEPENDENCIES=''
BLAS_LIBS='-framework Accelerate'
BLAS_LIBS_INSTALLED=''
BLUEGENEEXTRA='echo'
BUILDTOOLSDIR=''
BUILD_INEXACT_FALSE=''
BUILD_INEXACT_TRUE='#'
BUILD_LINEARSOLVERLOADER_FALSE='#'
BUILD_LINEARSOLVERLOADER_TRUE=''
BUILD_PARDISOLOADER_FALSE='#'
BUILD_PARDISOLOADER_TRUE=''
CC='clang'
CCDEPMODE='depmode=gcc3'
CDEFS=''
CFLAGS='-O3 -pipe -DNDEBUG -Wimplicit -Wparentheses -Wsequence-point -Wreturn-type -Wcast-qual -Wall -Wno-unknown-pragmas -Wno-long-long   -DIPOPT_BUILD'
COIN_CC_IS_CL_FALSE=''
COIN_CC_IS_CL_TRUE='#'
COIN_CXX_IS_CL_FALSE=''
COIN_CXX_IS_CL_TRUE='#'
COIN_HAS_ASL_FALSE='#'
COIN_HAS_ASL_TRUE=''
COIN_HAS_BLAS_FALSE='#'
COIN_HAS_BLAS_TRUE=''
COIN_HAS_DOXYGEN_FALSE=''
COIN_HAS_DOXYGEN_TRUE='#'
COIN_HAS_HSL_FALSE='#'
COIN_HAS_HSL_TRUE=''
COIN_HAS_LAPACK_FALSE='#'
COIN_HAS_LAPACK_TRUE=''
COIN_HAS_LATEX_FALSE='#'
COIN_HAS_LATEX_TRUE=''
COIN_HAS_MUMPS_FALSE=''
COIN_HAS_MUMPS_TRUE='#'
COIN_HAS_PKGCONFIG_FALSE='#'
COIN_HAS_PKGCONFIG_TRUE=''
COIN_PKG_CONFIG_PATH='/Users/tmpethick/GoogleDrive/dtu/10-EPFL/thesis/thesis-code/pyipopt/Ipopt-3.12.5/build/lib64/pkgconfig:/Users/tmpethick/GoogleDrive/dtu/10-EPFL/thesis/thesis-code/pyipopt/Ipopt-3.12.5/build/lib/pkgconfig:/Users/tmpethick/GoogleDrive/dtu/10-EPFL/thesis/thesis-code/pyipopt/Ipopt-3.12.5/build/share/pkgconfig:'
COIN_PKG_CONFIG_PATH_UNINSTALLED='/Users/tmpethick/GoogleDrive/dtu/10-EPFL/thesis/thesis-code/pyipopt/Ipopt-3.12.5/build/Ipopt:/Users/tmpethick/GoogleDrive/dtu/10-EPFL/thesis/thesis-code/pyipopt/Ipopt-3.12.5/build/ThirdParty/HSL:/Users/tmpethick/GoogleDrive/dtu/10-EPFL/thesis/thesis-code/pyipopt/Ipopt-3.12.5/build/ThirdParty/Metis:/Users/tmpethick/GoogleDrive/dtu/10-EPFL/thesis/thesis-code/pyipopt/Ipopt-3.12.5/build/ThirdParty/Lapack:/Users/tmpethick/GoogleDrive/dtu/10-EPFL/thesis/thesis-code/pyipopt/Ipopt-3.12.5/build/ThirdParty/Blas:/Users/tmpethick/GoogleDrive/dtu/10-EPFL/thesis/thesis-code/pyipopt/Ipopt-3.12.5/build/ThirdParty/ASL:'
CPP='clang -E'
CPPFLAGS=''
CXX='clang++'
CXXAR='ar cru'
CXXCPP='clang++ -E'
CXXDEFS=''
CXXDEPMODE='depmode=gcc3'
CXXFLAGS='-O3 -pipe -DNDEBUG -Wparentheses -Wreturn-type -Wcast-qual -Wall -Wpointer-arith -Wwrite-strings -Wconversion -Wno-unknown-pragmas -Wno-long-long   -DIPOPT_BUILD'
CXXLIBS='-lc++'
CYGPATH_W='echo'
DBG_CFLAGS='-g -O0 -pipe -Wimplicit -Wparentheses -Wsequence-point -Wreturn-type -Wcast-qual -Wall -Wno-unknown-pragmas -Wno-long-long  '
DBG_CXXFLAGS='-g -O0 -pipe -Wparentheses -Wreturn-type -Wcast-qual -Wall -Wpointer-arith -Wwrite-strings -Wconversion -Wno-unknown-pragmas -Wno-long-long  '
DBG_FFLAGS='-g -O0 -pipe  '
DEFS='-DHAVE_CONFIG_H'
DEPDIR='.deps'
DEPENDENCY_LINKING_FALSE='#'
DEPENDENCY_LINKING_TRUE=''
ECHO='/bin/echo'
ECHO_C='ECHO_N=''
ECHO_T=''
EGREP='grep -E'
EXEEXT=''
F77='gfortran'
FFLAGS='-O3 -pipe  '
FLIBS=' -L/usr/local/Cellar/gcc/7.2.0_1/lib/gcc/7/gcc/x86_64-apple-darwin16.7.0/7.2.0 -L/usr/local/Cellar/gcc/7.2.0_1/lib/gcc/7/gcc/x86_64-apple-darwin16.7.0/7.2.0/../../.. -lgfortran -lSystem -lquadmath -lm'
FRAMEWORK_VECLIB=''
HAVE_EXTERNALS_FALSE=''
HAVE_EXTERNALS_TRUE='#'
HAVE_MA28_FALSE='#'
HAVE_MA28_TRUE=''
HAVE_PARDISO_FALSE=''
HAVE_PARDISO_TRUE='#'
HAVE_WSMP_FALSE=''
HAVE_WSMP_TRUE='#'
HSL_CFLAGS='-I/Users/tmpethick/GoogleDrive/dtu/10-EPFL/thesis/thesis-code/pyipopt/Ipopt-3.12.5/ThirdParty/HSL -I/Users/tmpethick/GoogleDrive/dtu/10-EPFL/thesis/thesis-code/pyipopt/Ipopt-3.12.5/build/ThirdParty/HSL -I/Users/tmpethick/GoogleDrive/dtu/10-EPFL/thesis/thesis-code/pyipopt/Ipopt-3.12.5/ThirdParty/Metis/metis-4.0/Lib'
HSL_CFLAGS_INSTALLED=''
HSL_DATA=''
HSL_DATA_INSTALLED=''
HSL_DEPENDENCIES=' /Users/tmpethick/GoogleDrive/dtu/10-EPFL/thesis/thesis-code/pyipopt/Ipopt-3.12.5/build/ThirdParty/HSL/libcoinhsl.la /Users/tmpethick/GoogleDrive/dtu/10-EPFL/thesis/thesis-code/pyipopt/Ipopt-3.12.5/build/ThirdParty/Metis/libcoinmetis.la'
HSL_LIBS='-L/usr/local/Cellar/gcc/7.2.0_1/lib/gcc/7/gcc/x86_64-apple-darwin16.7.0/7.2.0 -L/usr/local/Cellar/gcc/7.2.0_1/lib/gcc/7/gcc/x86_64-apple-darwin16.7.0/7.2.0/../../.. /Users/tmpethick/GoogleDrive/dtu/10-EPFL/thesis/thesis-code/pyipopt/Ipopt-3.12.5/build/ThirdParty/HSL/libcoinhsl.la -lblas -lgfortran -lSystem -lquadmath -lm /Users/tmpethick/GoogleDrive/dtu/10-EPFL/thesis/thesis-code/pyipopt/Ipopt-3.12.5/build/ThirdParty/Metis/libcoinmetis.la'
HSL_LIBS_INSTALLED=''
INSTALL_DATA='${INSTALL} -m 644'
INSTALL_PROGRAM='${INSTALL}'
INSTALL_SCRIPT='${INSTALL}'
INSTALL_STRIP_PROGRAM='${SHELL} $(install_sh) -c -s'
IPALLLIBS='../contrib/LinearSolverLoader/libLinearSolverLoader.la ../contrib/CGPenalty/libcgpenalty.la ../Algorithm/libipoptalg.la ../Algorithm/LinearSolvers/liblinsolvers.la ../Common/libcommon.la ../LinAlg/liblinalg.la ../LinAlg/TMatrices/libtmatrices.la'
IPOPTAMPLINTERFACELIB_CFLAGS='-I/Users/tmpethick/GoogleDrive/dtu/10-EPFL/thesis/thesis-code/pyipopt/Ipopt-3.12.5/build/ThirdParty/ASL -I/Users/tmpethick/GoogleDrive/dtu/10-EPFL/thesis/thesis-code/pyipopt/Ipopt-3.12.5/ThirdParty/ASL/solvers '
IPOPTAMPLINTERFACELIB_CFLAGS_INSTALLED=''
IPOPTAMPLINTERFACELIB_DEPENDENCIES=' /Users/tmpethick/GoogleDrive/dtu/10-EPFL/thesis/thesis-code/pyipopt/Ipopt-3.12.5/build/ThirdParty/ASL/libcoinasl.la  '
IPOPTAMPLINTERFACELIB_LIBS='/Users/tmpethick/GoogleDrive/dtu/10-EPFL/thesis/thesis-code/pyipopt/Ipopt-3.12.5/build/ThirdParty/ASL/libcoinasl.la -lm -ldl '
IPOPTAMPLINTERFACELIB_LIBS_INSTALLED=''
IPOPTAMPLINTERFACELIB_PCLIBS=''
IPOPTAMPLINTERFACELIB_PCREQUIRES='coinasl '
IPOPTLIB_CFLAGS='-I/Users/tmpethick/GoogleDrive/dtu/10-EPFL/thesis/thesis-code/pyipopt/Ipopt-3.12.5/ThirdParty/HSL -I/Users/tmpethick/GoogleDrive/dtu/10-EPFL/thesis/thesis-code/pyipopt/Ipopt-3.12.5/build/ThirdParty/HSL -I/Users/tmpethick/GoogleDrive/dtu/10-EPFL/thesis/thesis-code/pyipopt/Ipopt-3.12.5/ThirdParty/Metis/metis-4.0/Lib '
IPOPTLIB_CFLAGS_INSTALLED=''
IPOPTLIB_DEPENDENCIES=' /Users/tmpethick/GoogleDrive/dtu/10-EPFL/thesis/thesis-code/pyipopt/Ipopt-3.12.5/build/ThirdParty/HSL/libcoinhsl.la /Users/tmpethick/GoogleDrive/dtu/10-EPFL/thesis/thesis-code/pyipopt/Ipopt-3.12.5/build/ThirdParty/Metis/libcoinmetis.la  '
IPOPTLIB_LIBS='-L/usr/local/Cellar/gcc/7.2.0_1/lib/gcc/7/gcc/x86_64-apple-darwin16.7.0/7.2.0 -L/usr/local/Cellar/gcc/7.2.0_1/lib/gcc/7/gcc/x86_64-apple-darwin16.7.0/7.2.0/../../.. /Users/tmpethick/GoogleDrive/dtu/10-EPFL/thesis/thesis-code/pyipopt/Ipopt-3.12.5/build/ThirdParty/HSL/libcoinhsl.la -lblas -lgfortran -lSystem -lquadmath -lm /Users/tmpethick/GoogleDrive/dtu/10-EPFL/thesis/thesis-code/pyipopt/Ipopt-3.12.5/build/ThirdParty/Metis/libcoinmetis.la -framework Accelerate -framework Accelerate -lm  -ldl'
IPOPTLIB_LIBS_INSTALLED='-framework Accelerate -framework Accelerate -lm  -ldl'
IPOPTLIB_PCLIBS='-framework Accelerate -framework Accelerate -lm  -ldl'
IPOPTLIB_PCREQUIRES='coinhsl >= 1.3 '
IPOPT_SVN_REV=''
JAVA_HOME=''
JIPOPTDLL='libjipopt.so'
LAPACK_CFLAGS=''
LAPACK_CFLAGS_INSTALLED=''
LAPACK_DATA=''
LAPACK_DATA_INSTALLED=''
LAPACK_DEPENDENCIES=''
LAPACK_LIBS='-framework Accelerate'
LAPACK_LIBS_INSTALLED=''
LDFLAGS=''
LIBEXT='a'
LIBOBJS=''
LIBS=''
LIBTOOL='$(SHELL) $(top_builddir)/../libtool'
LIBTOOLM4=''
LN_S='ln -s'
LTLIBOBJS=''
LT_LDFLAGS='-no-undefined -version-info 11:5:10'
MAINT='#'
MAINTAINER_MODE_FALSE=''
MAINTAINER_MODE_TRUE='#'
MAKEINFO='${SHELL} /Users/tmpethick/GoogleDrive/dtu/10-EPFL/thesis/thesis-code/pyipopt/Ipopt-3.12.5/Ipopt/missing --run makeinfo'
MATLAB_CYGPATH_W='echo'
MATLAB_HOME=''
MEXSUFFIX=''
MEX_STATIC_FALSE=''
MEX_STATIC_TRUE='#'
MEX_WINDOWS_FALSE=''
MEX_WINDOWS_TRUE='#'
MPICC=''
MPICXX=''
MPIF77=''
MUMPS_CFLAGS=''
MUMPS_CFLAGS_INSTALLED=''
MUMPS_DATA=''
MUMPS_DATA_INSTALLED=''
MUMPS_DEPENDENCIES=''
MUMPS_LIBS=''
MUMPS_LIBS_INSTALLED=''
MWMA57PATH=''
OBJEXT='o'
OPT_CFLAGS='-O3 -pipe -DNDEBUG -Wimplicit -Wparentheses -Wsequence-point -Wreturn-type -Wcast-qual -Wall -Wno-unknown-pragmas -Wno-long-long  '
OPT_CXXFLAGS='-O3 -pipe -DNDEBUG -Wparentheses -Wreturn-type -Wcast-qual -Wall -Wpointer-arith -Wwrite-strings -Wconversion -Wno-unknown-pragmas -Wno-long-long  '
OPT_FFLAGS='-O3 -pipe  '
PACKAGE='ipopt'
PACKAGE_BUGREPORT='http://projects.coin-or.org/Ipopt/newticket'
PACKAGE_NAME='Ipopt'
PACKAGE_STRING='Ipopt 3.12.5'
PACKAGE_TARNAME='ipopt'
PACKAGE_VERSION='3.12.5'
PATH_SEPARATOR=':'
PKG_CONFIG='pkg-config'
RANLIB='ranlib'
RPATH_FLAGS=''
SET_MAKE=''
SHARED_FLAGS='-shared'
SHELL='/bin/sh'
STRIP='strip'
VERSION='3.12.5'
VPATH_DISTCLEANFILES=' contrib/JavaInterface/org/coinor/Ipopt.java contrib/JavaInterface/org/coinor/examples/HS071.java contrib/JavaInterface/org/coinor/examples/scalable/SolveProblem.java contrib/JavaInterface/org/coinor/examples/scalable/Scalable.java contrib/JavaInterface/org/coinor/examples/scalable/LuksanVlcek1.java contrib/MatlabInterface/examples/examplehs038.m contrib/MatlabInterface/examples/examplehs051.m contrib/MatlabInterface/examples/examplehs071.m contrib/MatlabInterface/examples/examplelasso.m contrib/MatlabInterface/examples/lasso.m contrib/RInterface/DESCRIPTION contrib/RInterface/NAMESPACE contrib/RInterface/inst/CITATION contrib/RInterface/inst/doc/ipoptr.Rnw contrib/RInterface/inst/doc/ipoptr.pdf contrib/RInterface/inst/doc/reflist.bib contrib/RInterface/man/ipoptr-package.Rd contrib/RInterface/man/ipoptr.Rd contrib/RInterface/man/is.ipoptr.Rd contrib/RInterface/man/make.sparse.Rd contrib/RInterface/man/plot.sparseness.Rd contrib/RInterface/man/print.ipoptr.Rd contrib/RInterface/man/print.sparseness.Rd contrib/RInterface/R/get.option.types.R contrib/RInterface/R/ipoptr.R contrib/RInterface/R/is.ipoptr.R contrib/RInterface/R/make.sparse.R contrib/RInterface/R/plot.sparseness.R contrib/RInterface/R/print.ipoptr.R contrib/RInterface/R/print.sparseness.R contrib/RInterface/tests/approx_banana.R contrib/RInterface/tests/banana.R contrib/RInterface/tests/hs071_nlp.R contrib/RInterface/tests/lasso.R contrib/RInterface/tests/mynlp.R contrib/RInterface/tests/parameters.R contrib/RInterface/tests/sparseness.R contrib/RInterface/src/ipoptr.cpp contrib/RInterface/src/IpoptRJournal.cpp contrib/RInterface/src/IpoptRNLP.cpp examples/Cpp_example/cpp_example.cpp examples/Cpp_example/MyNLP.cpp examples/Cpp_example/MyNLP.hpp examples/hs071_cpp/hs071_main.cpp examples/hs071_cpp/hs071_nlp.cpp examples/hs071_cpp/hs071_nlp.hpp examples/hs071_c/hs071_c.c tutorial/AmplExperiments/hs71.mod tutorial/AmplExperiments/infeasible.mod tutorial/AmplExperiments/MoreAmplModels.txt tutorial/AmplExperiments/car1.run tutorial/AmplExperiments/car1.gp tutorial/Modeling/bad1.mod tutorial/Modeling/bad1-fix1.mod tutorial/Modeling/bad1-fix2.mod tutorial/CodingExercise/exercise_example.mod tutorial/CodingExercise/C/1-skeleton/TutorialC.c tutorial/CodingExercise/C/2-mistake/TutorialC.c tutorial/CodingExercise/C/3-solution/TutorialC.c tutorial/CodingExercise/Cpp/1-skeleton/TutorialCpp_main.cpp tutorial/CodingExercise/Cpp/1-skeleton/TutorialCpp_nlp.hpp tutorial/CodingExercise/Cpp/1-skeleton/TutorialCpp_nlp.cpp tutorial/CodingExercise/Cpp/2-mistake/TutorialCpp_main.cpp tutorial/CodingExercise/Cpp/2-mistake/TutorialCpp_nlp.hpp tutorial/CodingExercise/Cpp/2-mistake/TutorialCpp_nlp.cpp tutorial/CodingExercise/Cpp/3-solution/TutorialCpp_main.cpp tutorial/CodingExercise/Cpp/3-solution/TutorialCpp_nlp.hpp tutorial/CodingExercise/Cpp/3-solution/TutorialCpp_nlp.cpp tutorial/CodingExercise/Matlab/1-skeleton/TutorialMatlab.m tutorial/CodingExercise/Matlab/2-mistake/TutorialMatlab.m tutorial/CodingExercise/Matlab/3-solution/TutorialMatlab.m contrib/sIPOPT/examples/parametric_cpp/parametric_driver.cpp contrib/sIPOPT/examples/parametric_cpp/parametricTNLP.cpp contrib/sIPOPT/examples/parametric_cpp/parametricTNLP.hpp contrib/sIPOPT/examples/parametric_dsdp_cpp/parametric_dsdp_driver.cpp contrib/sIPOPT/examples/parametric_dsdp_cpp/parametricTNLP.cpp contrib/sIPOPT/examples/parametric_dsdp_cpp/parametricTNLP.hpp contrib/sIPOPT/examples/redhess_cpp/MySensTNLP.cpp contrib/sIPOPT/examples/redhess_cpp/MySensTNLP.hpp contrib/sIPOPT/examples/redhess_cpp/redhess_cpp.cpp'
abs_bin_dir='/Users/tmpethick/GoogleDrive/dtu/10-EPFL/thesis/thesis-code/pyipopt/Ipopt-3.12.5/build/bin'
abs_include_dir='/Users/tmpethick/GoogleDrive/dtu/10-EPFL/thesis/thesis-code/pyipopt/Ipopt-3.12.5/build/include'
abs_lib_dir='/Users/tmpethick/GoogleDrive/dtu/10-EPFL/thesis/thesis-code/pyipopt/Ipopt-3.12.5/build/lib'
abs_source_dir='/Users/tmpethick/GoogleDrive/dtu/10-EPFL/thesis/thesis-code/pyipopt/Ipopt-3.12.5/Ipopt'
ac_c_preproc_warn_flag=''
ac_ct_AR='ar'
ac_ct_CC='clang'
ac_ct_CXX='clang++'
ac_ct_F77='gfortran'
ac_ct_PKG_CONFIG='pkg-config'
ac_ct_RANLIB='ranlib'
ac_ct_STRIP='strip'
ac_cxx_preproc_warn_flag=''
am__fastdepCC_FALSE='#'
am__fastdepCC_TRUE=''
am__fastdepCXX_FALSE='#'
am__fastdepCXX_TRUE=''
am__include='include'
am__leading_dot='.'
am__quote=''
am__tar='${AMTAR} chof - "$$tardir"'
am__untar='${AMTAR} xf -'
bindir='${exec_prefix}/bin'
build='i386-apple-darwin18.0.0'
build_alias=''
build_cpu='i386'
build_os='darwin18.0.0'
build_vendor='apple'
coin_doxy_excludes=''
coin_doxy_logname='doxydoc/ipopt_doxy.log'
coin_doxy_tagfiles=''
coin_doxy_tagname='doxydoc/ipopt_doxy.tag'
coin_doxy_usedot='YES'
coin_have_doxygen='no'
coin_have_latex='yes'
datadir='${prefix}/share'
exec_prefix='${prefix}'
have_autoconf=''
have_automake=''
have_svn=''
have_svnversion='yes'
host='i386-apple-darwin18.0.0'
host_alias=''
host_cpu='i386'
host_os='darwin18.0.0'
host_vendor='apple'
includedir='${prefix}/include'
infodir='${prefix}/info'
install_sh='/Users/tmpethick/GoogleDrive/dtu/10-EPFL/thesis/thesis-code/pyipopt/Ipopt-3.12.5/Ipopt/install-sh'
libdir='${exec_prefix}/lib'
libexecdir='${exec_prefix}/libexec'
localstatedir='${prefix}/var'
mandir='${prefix}/man'
mkdir_p='$(install_sh) -d'
oldincludedir='/usr/include'
prefix='/Users/tmpethick/GoogleDrive/dtu/10-EPFL/thesis/thesis-code/pyipopt/Ipopt-3.12.5/build'
program_transform_name='s,x,x,'
sbindir='${exec_prefix}/sbin'
sharedstatedir='${prefix}/com'
sol_cc_compiler=''
sysconfdir='${prefix}/etc'
target_alias=''

## ----------- ##
## confdefs.h. ##
## ----------- ##

#define COIN_C_FINITE finite
#define COIN_HAS_ASL 1
#define COIN_HAS_BLAS 1
#define COIN_HAS_HSL 1
#define COIN_HAS_LAPACK 1
#define COIN_IPOPT_CHECKLEVEL 0
#define COIN_IPOPT_VERBOSITY 0
#define F77_FUNC(name,NAME) name ## _
#define F77_FUNC_(name,NAME) name ## _
#define FORTRAN_INTEGER_TYPE int
#define HAVE_CASSERT 1
#define HAVE_CCTYPE 1
#define HAVE_CFLOAT 1
#define HAVE_CFLOAT 1
#define HAVE_CMATH 1
#define HAVE_CMATH 1
#define HAVE_CSTDARG 1
#define HAVE_CSTDDEF 1
#define HAVE_CSTDIO 1
#define HAVE_CSTDLIB 1
#define HAVE_CSTRING 1
#define HAVE_CTIME 1
#define HAVE_DLFCN_H 1
#define HAVE_DLFCN_H 1
#define HAVE_DRAND48 1
#define HAVE_INTTYPES_H 1
#define HAVE_LINEARSOLVERLOADER 1
#define HAVE_MEMORY_H 1
#define HAVE_RAND 1
#define HAVE_SNPRINTF 1
#define HAVE_STDINT_H 1
#define HAVE_STDLIB_H 1
#define HAVE_STD__RAND 1
#define HAVE_STRINGS_H 1
#define HAVE_STRING_H 1
#define HAVE_SYS_STAT_H 1
#define HAVE_SYS_TYPES_H 1
#define HAVE_UNISTD_H 1
#define HAVE_VA_COPY 1
#define HAVE_VSNPRINTF 1
#define IPOPT_VERSION "3.12.5"
#define IPOPT_VERSION_MAJOR 3
#define IPOPT_VERSION_MINOR 12
#define IPOPT_VERSION_RELEASE 5
#define PACKAGE "ipopt"
#define PACKAGE_BUGREPORT "http://projects.coin-or.org/Ipopt/newticket"
#define PACKAGE_NAME "Ipopt"
#define PACKAGE_STRING "Ipopt 3.12.5"
#define PACKAGE_TARNAME "ipopt"
#define PACKAGE_VERSION "3.12.5"
#define SHAREDLIBEXT "dylib"
#define SIZEOF_INT_P 8
#define STDC_HEADERS 1
#define VERSION "3.12.5"
#endif
#ifdef __cplusplus
extern "C" void exit (int);

configure: exit 0
